2013-09-25 13:42:08.310+0000 INFO  [org.neo4j]: --- INITIALIZED diagnostics START ---
2013-09-25 13:42:08.318+0000 INFO  [org.neo4j]: Neo4j Kernel properties:
    neostore.propertystore.db.mapped_memory=731M
    neostore.nodestore.db.mapped_memory=203M
    neostore.relationshipstore.db.mapped_memory=896M
    neostore.propertystore.db.strings.mapped_memory=621M
    store_dir=graphModel1.db
    neostore.propertystore.db.arrays.mapped_memory=705M
    ephemeral=false
2013-09-25 13:42:08.322+0000 INFO  [org.neo4j]: Diagnostics providers:
    org.neo4j.kernel.configuration.Config
    org.neo4j.kernel.info.DiagnosticsManager
    SYSTEM_MEMORY
    JAVA_MEMORY
    OPERATING_SYSTEM
    JAVA_VIRTUAL_MACHINE
    CLASSPATH
    LIBRARY_PATH
    SYSTEM_PROPERTIES
    NETWORK
2013-09-25 13:42:08.323+0000 INFO  [org.neo4j]: System memory information:
    Total Physical memory: 8.00 GB
    Free Physical memory: 63.21 MB
    Committed virtual memory: 3.92 GB
    Total swap space: 5.00 GB
    Free swap space: 944.73 MB
2013-09-25 13:42:08.326+0000 INFO  [org.neo4j]: JVM memory information:
    Free  memory: 73.98 MB
    Total memory: 78.38 MB
    Max   memory: 1.14 GB
    Garbage Collector: PS Scavenge: [PS Eden Space, PS Survivor Space]
    Garbage Collector: PS MarkSweep: [PS Eden Space, PS Survivor Space, PS Old Gen, PS Perm Gen]
    Memory Pool: Code Cache (Non-heap memory): committed=2.44 MB, used=525.19 kB, max=48.00 MB, threshold=0.00 B
    Memory Pool: PS Eden Space (Heap memory): committed=20.50 MB, used=1.22 MB, max=429.25 MB, threshold=?
    Memory Pool: PS Survivor Space (Heap memory): committed=3.38 MB, used=3.17 MB, max=3.38 MB, threshold=?
    Memory Pool: PS Old Gen (Heap memory): committed=54.50 MB, used=8.00 kB, max=872.00 MB, threshold=0.00 B
    Memory Pool: PS Perm Gen (Non-heap memory): committed=20.75 MB, used=6.74 MB, max=82.00 MB, threshold=0.00 B
2013-09-25 13:42:08.332+0000 INFO  [org.neo4j]: Operating system information:
    Operating System: Mac OS X; version: 10.8.4; arch: x86_64; cpus: 8
    Max number of file descriptors: 10240
    Number of open file descriptors: 83
    Process id: 13308@Macintosh-4.local
    Byte order: LITTLE_ENDIAN
    Local timezone: Europe/London
2013-09-25 13:42:08.340+0000 INFO  [org.neo4j]: JVM information:
    VM Name: Java HotSpot(TM) 64-Bit Server VM
    VM Vendor: Oracle Corporation
    VM Version: 23.5-b02
    JIT compiler: HotSpot 64-Bit Tiered Compilers
    VM Arguments: [-ea, -Didea.launcher.port=7532, -Didea.launcher.bin.path=/Applications/IntelliJ IDEA 12.app/bin, -Dfile.encoding=UTF-8]
2013-09-25 13:42:08.341+0000 INFO  [org.neo4j]: Java classpath:
     [classpath + loader.0] file:/Library/Java/JavaVirtualMachines/jdk1.7.0_09.jdk/Contents/Home/lib/jconsole.jar
     [classpath + loader.0] file:/Library/Java/JavaVirtualMachines/jdk1.7.0_09.jdk/Contents/Home/jre/lib/jfxrt.jar
     [loader.1] file:/System/Library/Java/Extensions/dns_sd.jar
     [bootstrap] /Library/Java/JavaVirtualMachines/jdk1.7.0_09.jdk/Contents/Home/jre/lib/sunrsasign.jar
     [classpath + loader.0] file:/Users/nmontaze/Code/Geeknight/lib/neo4j-spatial-0.11-neo4j-1.9-server-plugin/gt-render-8.4.jar
     [classpath + loader.0] file:/Users/nmontaze/Code/Geeknight/lib/neo4j-spatial-0.11-neo4j-1.9-server-plugin/xercesImpl-2.4.0.jar
     [loader.1] file:/System/Library/Java/Extensions/MRJToolkit.jar
     [classpath + loader.0] file:/Users/nmontaze/Code/Geeknight/lib/neo4j-spatial-0.11-neo4j-1.9-server-plugin/gt-shapefile-8.4.jar
     [loader.1] file:/Library/Java/JavaVirtualMachines/jdk1.7.0_09.jdk/Contents/Home/jre/lib/ext/sunpkcs11.jar
     [classpath + loader.0] file:/Users/nmontaze/Code/Geeknight/lib/neo4j-spatial-0.11-neo4j-1.9-server-plugin/imageio-ext-tiff-1.1.5.jar
     [loader.1] file:/System/Library/Java/Extensions/vecmath.jar
     [loader.1] file:/System/Library/Java/Extensions/libmlib_jai.jnilib
     [classpath + loader.0] file:/Library/Java/JavaVirtualMachines/jdk1.7.0_09.jdk/Contents/Home/jre/lib/plugin.jar
     [classpath] /Applications/IntelliJ IDEA 12.app/plugins/junit/lib/junit-rt.jar
     [bootstrap + classpath + loader.0] file:/Library/Java/JavaVirtualMachines/jdk1.7.0_09.jdk/Contents/Home/jre/lib/JObjC.jar
     [loader.1] file:/Library/Java/JavaVirtualMachines/jdk1.7.0_09.jdk/Contents/Home/jre/lib/ext/dnsns.jar
     [classpath + loader.0] file:/Library/Java/JavaVirtualMachines/jdk1.7.0_09.jdk/Contents/Home/jre/lib/htmlconverter.jar
     [classpath] /Applications/IntelliJ IDEA 12.app/lib/idea_rt.jar
     [classpath + loader.0] file:/Users/nmontaze/Code/Geeknight/lib/neo4j-spatial-0.11-neo4j-1.9-server-plugin/jdom-1.0.jar
     [classpath + loader.0] file:/Users/nmontaze/Code/Geeknight/lib/neo4j-spatial-0.11-neo4j-1.9-server-plugin/jgridshift-1.0.jar
     [classpath + loader.0] file:/Users/nmontaze/Code/Geeknight/lib/junit/hamcrest-core-1.3.jar
     [loader.1] file:/Library/Java/JavaVirtualMachines/jdk1.7.0_09.jdk/Contents/Home/jre/lib/ext/sunjce_provider.jar
     [loader.1] file:/System/Library/Java/Extensions/libJ3D.jnilib
     [classpath + loader.0] file:/Users/nmontaze/Code/Geeknight/lib/neo4j-spatial-0.11-neo4j-1.9-server-plugin/geronimo-jta_1.1_spec-1.1.1.jar
     [classpath + loader.0] file:/Users/nmontaze/Code/Geeknight/lib/neo4j-spatial-0.11-neo4j-1.9-server-plugin/gt-referencing-8.4.jar
     [loader.1] file:/System/Library/Java/Extensions/mlibwrapper_jai.jar
     [classpath + loader.0] file:/Users/nmontaze/Code/Geeknight/lib/neo4j-spatial-0.11-neo4j-1.9-server-plugin/gt-api-8.4.jar
     [classpath + loader.0] file:/Library/Java/JavaVirtualMachines/jdk1.7.0_09.jdk/Contents/Home/jre/lib/javaws.jar
     [classpath + loader.0] file:/Users/nmontaze/Code/Geeknight/lib/neo4j-spatial-0.11-neo4j-1.9-server-plugin/json-simple-1.1.jar
     [classpath + loader.0] file:/Library/Java/JavaVirtualMachines/jdk1.7.0_09.jdk/Contents/Home/lib/dt.jar
     [classpath + loader.0] file:/Users/nmontaze/Code/Geeknight/lib/neo4j-spatial-0.11-neo4j-1.9-server-plugin/neo4j-udc-1.9.jar
     [classpath + loader.0] file:/Users/nmontaze/Code/Geeknight/lib/neo4j-spatial-0.11-neo4j-1.9-server-plugin/neo4j-jmx-1.9.jar
     [loader.1] file:/System/Library/Java/Extensions/QTJava.zip
     [classpath + loader.0] file:/Library/Java/JavaVirtualMachines/jdk1.7.0_09.jdk/Contents/Home/lib/sa-jdi.jar
     [classpath + loader.0] file:/Users/nmontaze/Code/Geeknight/lib/neo4j-spatial-0.11-neo4j-1.9-server-plugin/neo4j-graph-collections-0.6-neo4j-1.9.jar
     [classpath + loader.0] file:/Users/nmontaze/Code/Geeknight/lib/neo4j-spatial-0.11-neo4j-1.9-server-plugin/lucene-core-3.6.2.jar
     [classpath + loader.0] file:/Users/nmontaze/Code/Geeknight/lib/neo4j-spatial-0.11-neo4j-1.9-server-plugin/vecmath-1.3.2.jar
     [bootstrap + classpath + loader.0] file:/Library/Java/JavaVirtualMachines/jdk1.7.0_09.jdk/Contents/Home/jre/lib/jfr.jar
     [loader.1] file:/System/Library/Java/Extensions/libJ3DAudio.jnilib
     [loader.1] file:/System/Library/Java/Extensions/libAppleScriptEngine.jnilib
     [classpath + loader.0] file:/Users/nmontaze/Code/Geeknight/lib/neo4j-spatial-0.11-neo4j-1.9-server-plugin/imageio-ext-utilities-1.1.5.jar
     [bootstrap + classpath + loader.0] file:/Library/Java/JavaVirtualMachines/jdk1.7.0_09.jdk/Contents/Home/jre/lib/rt.jar
     [bootstrap + classpath + loader.0] file:/Library/Java/JavaVirtualMachines/jdk1.7.0_09.jdk/Contents/Home/jre/lib/jsse.jar
     [classpath + loader.0] file:/Library/Java/JavaVirtualMachines/jdk1.7.0_09.jdk/Contents/Home/jre/lib/deploy.jar
     [loader.1] file:/System/Library/Java/Extensions/j3daudio.jar
     [classpath + loader.0] file:/Users/nmontaze/Code/Geeknight/lib/neo4j-spatial-0.11-neo4j-1.9-server-plugin/jt-zonalstats-1.3.0.jar
     [loader.1] file:/System/Library/Java/Extensions/libJ3DUtils.jnilib
     [loader.1] file:/System/Library/Java/Extensions/libQTJNative.jnilib
     [loader.1] file:/System/Library/Java/Extensions/j3dcore.jar
     [loader.1] file:/usr/lib/java/libjdns_sd.jnilib
     [loader.0] file:/Applications/IntelliJ%20IDEA%2012.app/lib/idea_rt.jar
     [classpath + loader.0] file:/Users/nmontaze/Code/Geeknight/lib/neo4j-spatial-0.11-neo4j-1.9-server-plugin/neo4j-spatial-0.11-neo4j-1.9.jar
     [loader.0] file:/Applications/IntelliJ%20IDEA%2012.app/plugins/junit/lib/junit-rt.jar
     [loader.1] file:/Library/Java/JavaVirtualMachines/jdk1.7.0_09.jdk/Contents/Home/jre/lib/ext/sunec.jar
     [classpath + loader.0] file:/Users/nmontaze/Code/Geeknight/lib/neo4j-spatial-0.11-neo4j-1.9-server-plugin/gt-cql-8.4.jar
     [classpath + loader.0] file:/Library/Java/JavaVirtualMachines/jdk1.7.0_09.jdk/Contents/Home/lib/javafx-mx.jar
     [classpath + loader.0] file:/Library/Java/JavaVirtualMachines/jdk1.7.0_09.jdk/Contents/Home/lib/javafx-doclet.jar
     [loader.1] file:/System/Library/Java/Extensions/j3dutils.jar
     [classpath + loader.0] file:/Users/nmontaze/Code/Geeknight/lib/neo4j-spatial-0.11-neo4j-1.9-server-plugin/neo4j-graph-algo-1.9.jar
     [classpath + loader.0] file:/Library/Java/JavaVirtualMachines/jdk1.7.0_09.jdk/Contents/Home/jre/lib/management-agent.jar
     [loader.1] file:/System/Library/Java/Extensions/jai_core.jar
     [classpath + loader.0] file:/Users/nmontaze/Code/Geeknight/lib/neo4j-spatial-0.11-neo4j-1.9-server-plugin/concurrentlinkedhashmap-lru-1.3.1.jar
     [classpath + loader.0] file:/Users/nmontaze/Code/Geeknight/lib/neo4j-spatial-0.11-neo4j-1.9-server-plugin/jai_imageio-1.1.jar
     [classpath + loader.0] file:/Users/nmontaze/Code/Geeknight/lib/neo4j-spatial-0.11-neo4j-1.9-server-plugin/gt-metadata-8.4.jar
     [classpath + loader.0] file:/Users/nmontaze/Code/Geeknight/lib/neo4j-spatial-0.11-neo4j-1.9-server-plugin/jai_codec-1.1.3.jar
     [classpath + loader.0] file:/Users/nmontaze/Code/Geeknight/lib/neo4j-spatial-0.11-neo4j-1.9-server-plugin/jai_core-1.1.3.jar
     [loader.1] file:/System/Library/Java/Extensions/jai_codec.jar
     [classpath + loader.0] file:/Users/nmontaze/Code/Geeknight/lib/neo4j-spatial-0.11-neo4j-1.9-server-plugin/commons-pool-1.5.4.jar
     [classpath + loader.0] file:/Users/nmontaze/Code/Geeknight/lib/neo4j-spatial-0.11-neo4j-1.9-server-plugin/jt-utils-1.3.0.jar
     [classpath + loader.0] file:/Users/nmontaze/Code/Geeknight/lib/neo4j-spatial-0.11-neo4j-1.9-server-plugin/gt-data-8.4.jar
     [classpath + loader.0] file:/Library/Java/JavaVirtualMachines/jdk1.7.0_09.jdk/Contents/Home/lib/tools.jar
     [classpath + loader.0] file:/Users/nmontaze/Code/Geeknight/lib/neo4j-spatial-0.11-neo4j-1.9-server-plugin/gt-main-8.4.jar
     [classpath + loader.0] file:/Users/nmontaze/Code/Geeknight/out/test/Geeknight/
     [classpath + loader.0] file:/Users/nmontaze/Code/Geeknight/lib/neo4j-spatial-0.11-neo4j-1.9-server-plugin/jts-1.12.jar
     [loader.1] file:/Library/Java/JavaVirtualMachines/jdk1.7.0_09.jdk/Contents/Home/jre/lib/ext/localedata.jar
     [classpath + loader.0] file:/Users/nmontaze/Code/Geeknight/lib/neo4j-spatial-0.11-neo4j-1.9-server-plugin/scala-library-2.10.0.jar
     [bootstrap] /Library/Java/JavaVirtualMachines/jdk1.7.0_09.jdk/Contents/Home/jre/classes
     [classpath + loader.0] file:/Users/nmontaze/Code/Geeknight/lib/neo4j-spatial-0.11-neo4j-1.9-server-plugin/neo4j-1.9.jar
     [classpath + loader.0] file:/Users/nmontaze/Code/Geeknight/lib/neo4j-spatial-0.11-neo4j-1.9-server-plugin/gt-process-8.4.jar
     [classpath + loader.0] file:/Users/nmontaze/Code/Geeknight/lib/neo4j-spatial-0.11-neo4j-1.9-server-plugin/jsr-275-1.0-beta-2.jar
     [loader.1] file:/Library/Java/JavaVirtualMachines/jdk1.7.0_09.jdk/Contents/Home/jre/lib/ext/zipfs.jar
     [classpath + loader.0] file:/Users/nmontaze/Code/Geeknight/lib/neo4j-spatial-0.11-neo4j-1.9-server-plugin/neo4j-cypher-1.9.jar
     [classpath + loader.0] file:/Users/nmontaze/Code/Geeknight/lib/neo4j-spatial-0.11-neo4j-1.9-server-plugin/neo4j-kernel-1.9.jar
     [bootstrap + classpath + loader.0] file:/Library/Java/JavaVirtualMachines/jdk1.7.0_09.jdk/Contents/Home/jre/lib/charsets.jar
     [loader.1] file:/System/Library/Java/Extensions/AppleScriptEngine.jar
     [classpath + loader.0] file:/Users/nmontaze/Code/Geeknight/lib/neo4j-spatial-0.11-neo4j-1.9-server-plugin/gt-opengis-8.4.jar
     [classpath + loader.0] file:/Users/nmontaze/Code/Geeknight/lib/neo4j-spatial-0.11-neo4j-1.9-server-plugin/neo4j-graph-matching-1.9.jar
     [bootstrap + classpath + loader.0] file:/Library/Java/JavaVirtualMachines/jdk1.7.0_09.jdk/Contents/Home/jre/lib/resources.jar
     [classpath + loader.0] file:/Users/nmontaze/Code/Geeknight/lib/neo4j-spatial-0.11-neo4j-1.9-server-plugin/neo4j-lucene-index-1.9.jar
     [bootstrap + classpath + loader.0] file:/Library/Java/JavaVirtualMachines/jdk1.7.0_09.jdk/Contents/Home/jre/lib/jce.jar
     [classpath + loader.0] file:/Users/nmontaze/Code/Geeknight/lib/neo4j-spatial-0.11-neo4j-1.9-server-plugin/gt-coverage-8.4.jar
     [classpath + loader.0] file:/Users/nmontaze/Code/Geeknight/lib/junit/junit-4.11.jar
     [classpath + loader.0] file:/Users/nmontaze/Code/Geeknight/lib/neo4j-spatial-0.11-neo4j-1.9-server-plugin/commons-lang-2.4.jar
     [classpath + loader.0] file:/Library/Java/JavaVirtualMachines/jdk1.7.0_09.jdk/Contents/Home/lib/ant-javafx.jar
2013-09-25 13:42:08.349+0000 INFO  [org.neo4j]: Library path:
    /Users/nmontaze/Library/Java/Extensions
    /Library/Java/Extensions
    /Network/Library/Java/Extensions
    /System/Library/Java/Extensions
    /usr/lib/java
    /Users/nmontaze/Code/Geeknight
2013-09-25 13:42:08.349+0000 INFO  [org.neo4j]: System.properties:
    sun.boot.library.path = /Library/Java/JavaVirtualMachines/jdk1.7.0_09.jdk/Contents/Home/jre/lib
    user.country.format = GB
    gopherProxySet = false
    path.separator = :
    idea.launcher.port = 7532
    file.encoding.pkg = sun.io
    user.country = US
    sun.java.launcher = SUN_STANDARD
    sun.os.patch.level = unknown
    user.dir = /Users/nmontaze/Code/Geeknight
    sun.jnu.encoding = US-ASCII
    sun.management.compiler = HotSpot 64-Bit Tiered Compilers
    http.nonProxyHosts = local|*.local|169.254/16|*.169.254/16
    user.home = /Users/nmontaze
    user.timezone = Europe/London
    file.encoding = UTF-8
    idea.launcher.bin.path = /Applications/IntelliJ IDEA 12.app/bin
    user.name = nmontaze
    sun.java.command = com.intellij.rt.execution.application.AppMain com.intellij.rt.execution.junit.JUnitStarter -ideVersion5 Model1Test,shouldFindTheQuickestPathBetweenFirswoodAndMediaCity
    sun.arch.data.model = 64
    user.language = en
    awt.toolkit = sun.lwawt.macosx.LWCToolkit
    file.separator = /
    sun.io.unicode.encoding = UnicodeBig
    sun.cpu.endian = little
    socksNonProxyHosts = local|*.local|169.254/16|*.169.254/16
    ftp.nonProxyHosts = local|*.local|169.254/16|*.169.254/16
    sun.cpu.isalist = 
2013-09-25 13:42:08.351+0000 INFO  [org.neo4j]: Network information:
    Interface utun0:
        address: fdff:847c:ea45:cce7:9d23:2c54:ec41:9ff0
        address: fe80:0:0:0:9d23:2c54:ec41:9ff0%10
    Interface vmnet8:
        address: 192.168.157.1
    Interface vmnet1:
        address: 172.16.253.1
    Interface en1:
        address: fe80:0:0:0:6aa8:6dff:fe28:9b80%5
        address: 10.41.12.83
    Interface lo0:
        address: 0:0:0:0:0:0:0:1
        address: fe80:0:0:0:0:0:0:1%1
        address: 127.0.0.1
2013-09-25 13:42:08.352+0000 INFO  [org.neo4j]: --- INITIALIZED diagnostics END ---
2013-09-25 13:42:08.505+0000 INFO  [org.neo4j]: Creating new db @ graphModel1.db/neostore
2013-09-25 13:42:08.527+0000 INFO  [org.neo4j]: [graphModel1.db/neostore.nodestore.db] brickCount=0 brickSize=2128608b mappedMem=212860928b (storeSize=0b)
2013-09-25 13:42:08.614+0000 INFO  [org.neo4j]: graphModel1.db/neostore.nodestore.db hit=1 miss=0 switches=0 ooe=0
2013-09-25 13:42:08.626+0000 INFO  [org.neo4j]: [graphModel1.db/neostore.relationshiptypestore.db.names] brickCount=0 brickSize=0b mappedMem=0b (storeSize=38b)
2013-09-25 13:42:08.629+0000 INFO  [org.neo4j]: [graphModel1.db/neostore.relationshiptypestore.db] brickCount=0 brickSize=0b mappedMem=0b (storeSize=0b)
2013-09-25 13:42:08.629+0000 INFO  [org.neo4j]: graphModel1.db/neostore.relationshiptypestore.db.names hit=0 miss=0 switches=0 ooe=0
2013-09-25 13:42:08.630+0000 INFO  [org.neo4j]: graphModel1.db/neostore.relationshiptypestore.db hit=0 miss=0 switches=0 ooe=0
2013-09-25 13:42:08.631+0000 INFO  [org.neo4j]: [graphModel1.db/neostore.relationshiptypestore.db.names] brickCount=0 brickSize=0b mappedMem=0b (storeSize=38b)
2013-09-25 13:42:08.632+0000 INFO  [org.neo4j]: [graphModel1.db/neostore.relationshiptypestore.db] brickCount=0 brickSize=0b mappedMem=0b (storeSize=0b)
2013-09-25 13:42:08.632+0000 INFO  [org.neo4j]: [graphModel1.db/neostore.propertystore.db.strings] brickCount=0 brickSize=651136b mappedMem=651165696b (storeSize=128b)
2013-09-25 13:42:08.633+0000 INFO  [org.neo4j]: [graphModel1.db/neostore.propertystore.db.index.keys] brickCount=0 brickSize=0b mappedMem=0b (storeSize=38b)
2013-09-25 13:42:08.634+0000 INFO  [org.neo4j]: [graphModel1.db/neostore.propertystore.db.index] brickCount=0 brickSize=0b mappedMem=0b (storeSize=0b)
2013-09-25 13:42:08.635+0000 INFO  [org.neo4j]: [graphModel1.db/neostore.propertystore.db.arrays] brickCount=0 brickSize=739200b mappedMem=739246080b (storeSize=128b)
2013-09-25 13:42:08.638+0000 INFO  [org.neo4j]: [graphModel1.db/neostore.propertystore.db] brickCount=0 brickSize=7665073b mappedMem=766509056b (storeSize=0b)
2013-09-25 13:42:08.640+0000 INFO  [org.neo4j]: [graphModel1.db/neostore.relationshipstore.db] brickCount=0 brickSize=9395232b mappedMem=939524096b (storeSize=0b)
2013-09-25 13:42:08.640+0000 INFO  [org.neo4j]: [graphModel1.db/neostore.nodestore.db] brickCount=0 brickSize=212859b mappedMem=212860928b (storeSize=9b)
2013-09-25 13:42:08.641+0000 INFO  [org.neo4j]: [graphModel1.db/neostore] brickCount=0 brickSize=0b mappedMem=0b (storeSize=0b)
2013-09-25 13:42:08.645+0000 INFO  [org.neo4j]: graphModel1.db/neostore.relationshiptypestore.db.names hit=0 miss=0 switches=0 ooe=0
2013-09-25 13:42:08.646+0000 INFO  [org.neo4j]: graphModel1.db/neostore.relationshiptypestore.db hit=0 miss=0 switches=0 ooe=0
2013-09-25 13:42:08.647+0000 INFO  [org.neo4j]: graphModel1.db/neostore.propertystore.db.strings hit=0 miss=0 switches=0 ooe=0
2013-09-25 13:42:08.647+0000 INFO  [org.neo4j]: graphModel1.db/neostore.propertystore.db.index.keys hit=0 miss=0 switches=0 ooe=0
2013-09-25 13:42:08.648+0000 INFO  [org.neo4j]: graphModel1.db/neostore.propertystore.db.index hit=0 miss=0 switches=0 ooe=0
2013-09-25 13:42:08.648+0000 INFO  [org.neo4j]: graphModel1.db/neostore.propertystore.db.arrays hit=0 miss=0 switches=0 ooe=0
2013-09-25 13:42:08.649+0000 INFO  [org.neo4j]: graphModel1.db/neostore.propertystore.db hit=0 miss=0 switches=0 ooe=0
2013-09-25 13:42:08.649+0000 INFO  [org.neo4j]: graphModel1.db/neostore.relationshipstore.db hit=0 miss=0 switches=0 ooe=0
2013-09-25 13:42:08.650+0000 INFO  [org.neo4j]: graphModel1.db/neostore.nodestore.db hit=0 miss=0 switches=0 ooe=0
2013-09-25 13:42:08.651+0000 INFO  [org.neo4j]: graphModel1.db/neostore hit=0 miss=8 switches=0 ooe=0
2013-09-25 13:42:08.655+0000 INFO  [org.neo4j]: [graphModel1.db/neostore.relationshiptypestore.db.names] brickCount=0 brickSize=0b mappedMem=0b (storeSize=38b)
2013-09-25 13:42:08.655+0000 INFO  [org.neo4j]: [graphModel1.db/neostore.relationshiptypestore.db] brickCount=0 brickSize=0b mappedMem=0b (storeSize=0b)
2013-09-25 13:42:08.655+0000 INFO  [org.neo4j]: [graphModel1.db/neostore.propertystore.db.strings] brickCount=0 brickSize=651136b mappedMem=651165696b (storeSize=128b)
2013-09-25 13:42:08.656+0000 INFO  [org.neo4j]: [graphModel1.db/neostore.propertystore.db.index.keys] brickCount=0 brickSize=0b mappedMem=0b (storeSize=38b)
2013-09-25 13:42:08.656+0000 INFO  [org.neo4j]: [graphModel1.db/neostore.propertystore.db.index] brickCount=0 brickSize=0b mappedMem=0b (storeSize=0b)
2013-09-25 13:42:08.657+0000 INFO  [org.neo4j]: [graphModel1.db/neostore.propertystore.db.arrays] brickCount=0 brickSize=739200b mappedMem=739246080b (storeSize=128b)
2013-09-25 13:42:08.657+0000 INFO  [org.neo4j]: [graphModel1.db/neostore.propertystore.db] brickCount=0 brickSize=7665073b mappedMem=766509056b (storeSize=0b)
2013-09-25 13:42:08.658+0000 INFO  [org.neo4j]: [graphModel1.db/neostore.relationshipstore.db] brickCount=0 brickSize=9395232b mappedMem=939524096b (storeSize=0b)
2013-09-25 13:42:08.658+0000 INFO  [org.neo4j]: [graphModel1.db/neostore.nodestore.db] brickCount=0 brickSize=212859b mappedMem=212860928b (storeSize=9b)
2013-09-25 13:42:08.658+0000 INFO  [org.neo4j]: [graphModel1.db/neostore] brickCount=0 brickSize=0b mappedMem=0b (storeSize=54b)
2013-09-25 13:42:08.675+0000 INFO  [org.neo4j]: Opened logical log [graphModel1.db/nioneo_logical.log.1] version=0, lastTxId=1 (clean)
2013-09-25 13:42:08.681+0000 INFO  [org.neo4j]: TM new log: tm_tx_log.1
2013-09-25 13:42:08.728+0000 INFO  [org.neo4j]: Opened logical log [graphModel1.db/index/lucene.log.1] version=0, lastTxId=1 (clean)
2013-09-25 13:42:08.734+0000 INFO  [org.neo4j]: --- STARTED diagnostics for KernelDiagnostics:Versions START ---
2013-09-25 13:42:08.734+0000 INFO  [org.neo4j]: Graph Database: org.neo4j.kernel.EmbeddedGraphDatabase StoreId[time:1380116528506, id:6811417444595880845, store version: 13561656364791302]
2013-09-25 13:42:08.734+0000 INFO  [org.neo4j]: Kernel version: Neo4j - Graph Database Kernel 1.9
2013-09-25 13:42:08.734+0000 INFO  [org.neo4j]: Neo4j component versions:
2013-09-25 13:42:08.736+0000 INFO  [org.neo4j]:   Neo4j - Graph Database Kernel 1.9
2013-09-25 13:42:08.736+0000 INFO  [org.neo4j]: --- STARTED diagnostics for KernelDiagnostics:Versions END ---
2013-09-25 13:42:08.739+0000 INFO  [org.neo4j]: --- STARTED diagnostics for NEO_STORE_VERSIONS START ---
2013-09-25 13:42:08.740+0000 INFO  [org.neo4j]: Store versions:
    Store versions:
      NeoStore v0.A.0
      NodeStore v0.A.0
      RelationshipStore v0.A.0
      RelationshipTypeStore v0.A.0
      PropertyStore v0.A.0
      PropertyIndexStore v0.A.0
      StringPropertyStore v0.A.0
      ArrayPropertyStore v0.A.0
2013-09-25 13:42:08.740+0000 INFO  [org.neo4j]: --- STARTED diagnostics for NEO_STORE_VERSIONS END ---
2013-09-25 13:42:08.740+0000 INFO  [org.neo4j]: --- STARTED diagnostics for NEO_STORE_ID_USAGE START ---
2013-09-25 13:42:08.740+0000 INFO  [org.neo4j]: Id usage:
    Id usage:
      NodeStore: used=1 high=0
      RelationshipStore: used=0 high=-1
      RelationshipTypeStore: used=0 high=-1
      PropertyStore: used=0 high=-1
      PropertyIndexStore: used=0 high=-1
      StringPropertyStore: used=1 high=0
      ArrayPropertyStore: used=1 high=0
2013-09-25 13:42:08.741+0000 INFO  [org.neo4j]: --- STARTED diagnostics for NEO_STORE_ID_USAGE END ---
2013-09-25 13:42:08.741+0000 INFO  [org.neo4j]: --- STARTED diagnostics for PERSISTENCE_WINDOW_POOL_STATS START ---
2013-09-25 13:42:08.742+0000 INFO  [org.neo4j]: --- STARTED diagnostics for PERSISTENCE_WINDOW_POOL_STATS END ---
2013-09-25 13:42:08.742+0000 INFO  [org.neo4j]: --- STARTED diagnostics for KernelDiagnostics:StoreFiles START ---
2013-09-25 13:42:08.742+0000 INFO  [org.neo4j]: Disk space on partition (Total / Free / Free %): 239063433216 / 11956203520 / 5
Storage files: (filename : modification date - size)
      active_tx_log: 2013-09-25T14:42:08+0100 - 11.00 B
      index:
        lucene-store.db: 2013-09-25T14:42:08+0100 - 40.00 B
        lucene.log.1: 2013-09-25T14:42:08+0100 - 16.00 B
        lucene.log.active: 2013-09-25T14:42:08+0100 - 4.00 B
      - Total: 2013-09-25T14:42:08+0100 - 60.00 B
      lock: 2013-09-25T14:42:08+0100 - 0.00 B
      messages.log: 2013-09-25T14:42:08+0100 - 22.08 kB
      neostore: 2013-09-25T14:42:08+0100 - 54.00 B
      neostore.id: 2013-09-25T14:42:08+0100 - 9.00 B
      neostore.nodestore.db: 2013-09-25T14:42:08+0100 - 9.00 B
      neostore.nodestore.db.id: 2013-09-25T14:42:08+0100 - 9.00 B
      neostore.propertystore.db: 2013-09-25T14:42:08+0100 - 0.00 B
      neostore.propertystore.db.arrays: 2013-09-25T14:42:08+0100 - 128.00 B
      neostore.propertystore.db.arrays.id: 2013-09-25T14:42:08+0100 - 9.00 B
      neostore.propertystore.db.id: 2013-09-25T14:42:08+0100 - 9.00 B
      neostore.propertystore.db.index: 2013-09-25T14:42:08+0100 - 0.00 B
      neostore.propertystore.db.index.id: 2013-09-25T14:42:08+0100 - 9.00 B
      neostore.propertystore.db.index.keys: 2013-09-25T14:42:08+0100 - 38.00 B
      neostore.propertystore.db.index.keys.id: 2013-09-25T14:42:08+0100 - 9.00 B
      neostore.propertystore.db.strings: 2013-09-25T14:42:08+0100 - 128.00 B
      neostore.propertystore.db.strings.id: 2013-09-25T14:42:08+0100 - 9.00 B
      neostore.relationshipstore.db: 2013-09-25T14:42:08+0100 - 0.00 B
      neostore.relationshipstore.db.id: 2013-09-25T14:42:08+0100 - 9.00 B
      neostore.relationshiptypestore.db: 2013-09-25T14:42:08+0100 - 0.00 B
      neostore.relationshiptypestore.db.id: 2013-09-25T14:42:08+0100 - 9.00 B
      neostore.relationshiptypestore.db.names: 2013-09-25T14:42:08+0100 - 38.00 B
      neostore.relationshiptypestore.db.names.id: 2013-09-25T14:42:08+0100 - 9.00 B
      nioneo_logical.log.1: 2013-09-25T14:42:08+0100 - 16.00 B
      nioneo_logical.log.active: 2013-09-25T14:42:08+0100 - 4.00 B
      store_lock: 2013-09-25T14:42:08+0100 - 0.00 B
      tm_tx_log.1: 2013-09-25T14:42:08+0100 - 0.00 B
