2013-09-25 15:07:16.207+0000 INFO  [org.neo4j]: --- INITIALIZED diagnostics START ---
2013-09-25 15:07:16.213+0000 INFO  [org.neo4j]: Neo4j Kernel properties:
    neostore.propertystore.db.mapped_memory=673M
    neostore.nodestore.db.mapped_memory=186M
    neostore.relationshipstore.db.mapped_memory=824M
    neostore.propertystore.db.strings.mapped_memory=572M
    store_dir=graphModelN.db
    neostore.propertystore.db.arrays.mapped_memory=648M
    ephemeral=false
2013-09-25 15:07:16.217+0000 INFO  [org.neo4j]: Diagnostics providers:
    org.neo4j.kernel.configuration.Config
    org.neo4j.kernel.info.DiagnosticsManager
    SYSTEM_MEMORY
    JAVA_MEMORY
    OPERATING_SYSTEM
    JAVA_VIRTUAL_MACHINE
    CLASSPATH
    LIBRARY_PATH
    SYSTEM_PROPERTIES
    NETWORK
2013-09-25 15:07:16.217+0000 INFO  [org.neo4j]: System memory information:
    Total Physical memory: 8.00 GB
    Free Physical memory: 279.96 MB
    Committed virtual memory: 4.56 GB
    Total swap space: 5.00 GB
    Free swap space: 438.18 MB
2013-09-25 15:07:16.221+0000 INFO  [org.neo4j]: JVM memory information:
    Free  memory: 94.05 MB
    Total memory: 116.25 MB
    Max   memory: 1.68 GB
    Garbage Collector: PS Scavenge: [PS Eden Space, PS Survivor Space]
    Garbage Collector: PS MarkSweep: [PS Eden Space, PS Survivor Space, PS Old Gen, PS Perm Gen]
    Memory Pool: Code Cache (Non-heap memory): committed=2.44 MB, used=525.13 kB, max=48.00 MB, threshold=0.00 B
    Memory Pool: PS Eden Space (Heap memory): committed=30.38 MB, used=22.20 MB, max=636.63 MB, threshold=?
    Memory Pool: PS Survivor Space (Heap memory): committed=5.00 MB, used=0.00 B, max=5.00 MB, threshold=?
    Memory Pool: PS Old Gen (Heap memory): committed=80.88 MB, used=0.00 B, max=1.26 GB, threshold=0.00 B
    Memory Pool: PS Perm Gen (Non-heap memory): committed=20.75 MB, used=6.78 MB, max=82.00 MB, threshold=0.00 B
2013-09-25 15:07:16.227+0000 INFO  [org.neo4j]: Operating system information:
    Operating System: Mac OS X; version: 10.8.3; arch: x86_64; cpus: 8
    Max number of file descriptors: 10240
    Number of open file descriptors: 83
    Process id: 8624@localhost
    Byte order: LITTLE_ENDIAN
    Local timezone: Europe/London
2013-09-25 15:07:16.228+0000 INFO  [org.neo4j]: JVM information:
    VM Name: Java HotSpot(TM) 64-Bit Server VM
    VM Vendor: Oracle Corporation
    VM Version: 23.25-b01
    JIT compiler: HotSpot 64-Bit Tiered Compilers
    VM Arguments: [-ea, -Didea.launcher.port=7532, -Didea.launcher.bin.path=/Applications/IntelliJ IDEA 12.app/bin, -Dfile.encoding=UTF-8]
2013-09-25 15:07:16.229+0000 INFO  [org.neo4j]: Java classpath:
     [classpath + loader.0] file:/Users/bearlam/dev/Geeknight/lib/neo4j-spatial-0.11-neo4j-1.9-server-plugin/concurrentlinkedhashmap-lru-1.3.1.jar
     [loader.1] file:/System/Library/Java/Extensions/dns_sd.jar
     [classpath + loader.0] file:/Users/bearlam/dev/Geeknight/lib/neo4j-spatial-0.11-neo4j-1.9-server-plugin/neo4j-1.9.jar
     [loader.1] file:/Library/Java/JavaVirtualMachines/jdk1.7.0_25.jdk/Contents/Home/jre/lib/ext/sunpkcs11.jar
     [classpath + loader.0] file:/Library/Java/JavaVirtualMachines/jdk1.7.0_25.jdk/Contents/Home/jre/lib/javaws.jar
     [loader.1] file:/System/Library/Java/Extensions/MRJToolkit.jar
     [classpath + loader.0] file:/Users/bearlam/dev/Geeknight/lib/neo4j-spatial-0.11-neo4j-1.9-server-plugin/gt-coverage-8.4.jar
     [classpath + loader.0] file:/Library/Java/JavaVirtualMachines/jdk1.7.0_25.jdk/Contents/Home/jre/lib/deploy.jar
     [loader.1] file:/System/Library/Java/Extensions/vecmath.jar
     [classpath + loader.0] file:/Users/bearlam/dev/Geeknight/lib/neo4j-spatial-0.11-neo4j-1.9-server-plugin/gt-shapefile-8.4.jar
     [loader.1] file:/System/Library/Java/Extensions/libmlib_jai.jnilib
     [classpath] /Applications/IntelliJ IDEA 12.app/plugins/junit/lib/junit-rt.jar
     [classpath + loader.0] file:/Users/bearlam/dev/Geeknight/lib/neo4j-spatial-0.11-neo4j-1.9-server-plugin/jsr-275-1.0-beta-2.jar
     [classpath + loader.0] file:/Users/bearlam/dev/Geeknight/lib/neo4j-spatial-0.11-neo4j-1.9-server-plugin/jai_codec-1.1.3.jar
     [bootstrap] /Library/Java/JavaVirtualMachines/jdk1.7.0_25.jdk/Contents/Home/jre/lib/sunrsasign.jar
     [classpath] /Applications/IntelliJ IDEA 12.app/lib/idea_rt.jar
     [classpath + loader.0] file:/Users/bearlam/dev/Geeknight/lib/neo4j-spatial-0.11-neo4j-1.9-server-plugin/jai_core-1.1.3.jar
     [classpath + loader.0] file:/Users/bearlam/dev/Geeknight/lib/neo4j-spatial-0.11-neo4j-1.9-server-plugin/gt-api-8.4.jar
     [loader.1] file:/Library/Java/JavaVirtualMachines/jdk1.7.0_25.jdk/Contents/Home/jre/lib/ext/localedata.jar
     [classpath + loader.0] file:/Users/bearlam/dev/Geeknight/lib/neo4j-spatial-0.11-neo4j-1.9-server-plugin/jgridshift-1.0.jar
     [loader.1] file:/System/Library/Java/Extensions/libJ3D.jnilib
     [classpath + loader.0] file:/Users/bearlam/dev/Geeknight/lib/junit/junit-4.11.jar
     [classpath + loader.0] file:/Users/bearlam/dev/Geeknight/lib/neo4j-spatial-0.11-neo4j-1.9-server-plugin/gt-opengis-8.4.jar
     [loader.1] file:/Library/Java/JavaVirtualMachines/jdk1.7.0_25.jdk/Contents/Home/jre/lib/ext/sunec.jar
     [classpath + loader.0] file:/Library/Java/JavaVirtualMachines/jdk1.7.0_25.jdk/Contents/Home/jre/lib/jfxrt.jar
     [bootstrap + classpath + loader.0] file:/Library/Java/JavaVirtualMachines/jdk1.7.0_25.jdk/Contents/Home/jre/lib/jce.jar
     [loader.1] file:/System/Library/Java/Extensions/mlibwrapper_jai.jar
     [classpath + loader.0] file:/Users/bearlam/dev/Geeknight/lib/neo4j-spatial-0.11-neo4j-1.9-server-plugin/scala-library-2.10.0.jar
     [classpath + loader.0] file:/Users/bearlam/dev/Geeknight/lib/junit/hamcrest-core-1.3.jar
     [classpath + loader.0] file:/Users/bearlam/dev/Geeknight/lib/neo4j-spatial-0.11-neo4j-1.9-server-plugin/commons-pool-1.5.4.jar
     [classpath + loader.0] file:/Users/bearlam/dev/Geeknight/lib/neo4j-spatial-0.11-neo4j-1.9-server-plugin/jdom-1.0.jar
     [loader.1] file:/System/Library/Java/Extensions/QTJava.zip
     [classpath + loader.0] file:/Library/Java/JavaVirtualMachines/jdk1.7.0_25.jdk/Contents/Home/lib/sa-jdi.jar
     [classpath + loader.0] file:/Users/bearlam/dev/Geeknight/lib/neo4j-spatial-0.11-neo4j-1.9-server-plugin/gt-main-8.4.jar
     [classpath + loader.0] file:/Users/bearlam/dev/Geeknight/lib/neo4j-spatial-0.11-neo4j-1.9-server-plugin/gt-metadata-8.4.jar
     [loader.1] file:/Library/Java/JavaVirtualMachines/jdk1.7.0_25.jdk/Contents/Home/jre/lib/ext/sunjce_provider.jar
     [loader.1] file:/System/Library/Java/Extensions/libJ3DAudio.jnilib
     [loader.1] file:/System/Library/Java/Extensions/libAppleScriptEngine.jnilib
     [loader.1] file:/System/Library/Java/Extensions/j3daudio.jar
     [classpath + loader.0] file:/Users/bearlam/dev/Geeknight/lib/neo4j-spatial-0.11-neo4j-1.9-server-plugin/gt-process-8.4.jar
     [loader.1] file:/System/Library/Java/Extensions/libJ3DUtils.jnilib
     [classpath + loader.0] file:/Users/bearlam/dev/Geeknight/lib/neo4j-spatial-0.11-neo4j-1.9-server-plugin/neo4j-jmx-1.9.jar
     [loader.1] file:/System/Library/Java/Extensions/libQTJNative.jnilib
     [loader.1] file:/System/Library/Java/Extensions/j3dcore.jar
     [classpath + loader.0] file:/Library/Java/JavaVirtualMachines/jdk1.7.0_25.jdk/Contents/Home/lib/javafx-mx.jar
     [classpath + loader.0] file:/Users/bearlam/dev/Geeknight/lib/neo4j-spatial-0.11-neo4j-1.9-server-plugin/neo4j-spatial-0.11-neo4j-1.9.jar
     [classpath + loader.0] file:/Users/bearlam/dev/Geeknight/lib/neo4j-spatial-0.11-neo4j-1.9-server-plugin/neo4j-kernel-1.9.jar
     [loader.1] file:/usr/lib/java/libjdns_sd.jnilib
     [classpath + loader.0] file:/Users/bearlam/dev/Geeknight/lib/neo4j-spatial-0.11-neo4j-1.9-server-plugin/neo4j-udc-1.9.jar
     [classpath + loader.0] file:/Users/bearlam/dev/Geeknight/out/test/Geeknight/
     [loader.0] file:/Applications/IntelliJ%20IDEA%2012.app/lib/idea_rt.jar
     [loader.0] file:/Applications/IntelliJ%20IDEA%2012.app/plugins/junit/lib/junit-rt.jar
     [loader.1] file:/System/Library/Java/Extensions/j3dutils.jar
     [bootstrap + classpath + loader.0] file:/Library/Java/JavaVirtualMachines/jdk1.7.0_25.jdk/Contents/Home/jre/lib/JObjC.jar
     [classpath + loader.0] file:/Library/Java/JavaVirtualMachines/jdk1.7.0_25.jdk/Contents/Home/jre/lib/htmlconverter.jar
     [loader.1] file:/System/Library/Java/Extensions/jai_core.jar
     [classpath + loader.0] file:/Users/bearlam/dev/Geeknight/lib/neo4j-spatial-0.11-neo4j-1.9-server-plugin/gt-data-8.4.jar
     [classpath + loader.0] file:/Library/Java/JavaVirtualMachines/jdk1.7.0_25.jdk/Contents/Home/lib/jconsole.jar
     [loader.1] file:/Library/Java/JavaVirtualMachines/jdk1.7.0_25.jdk/Contents/Home/jre/lib/ext/dnsns.jar
     [classpath + loader.0] file:/Library/Java/JavaVirtualMachines/jdk1.7.0_25.jdk/Contents/Home/lib/dt.jar
     [loader.1] file:/System/Library/Java/Extensions/jai_codec.jar
     [classpath + loader.0] file:/Users/bearlam/dev/Geeknight/lib/neo4j-spatial-0.11-neo4j-1.9-server-plugin/geronimo-jta_1.1_spec-1.1.1.jar
     [classpath + loader.0] file:/Library/Java/JavaVirtualMachines/jdk1.7.0_25.jdk/Contents/Home/lib/javafx-doclet.jar
     [classpath + loader.0] file:/Users/bearlam/dev/Geeknight/lib/neo4j-spatial-0.11-neo4j-1.9-server-plugin/gt-render-8.4.jar
     [classpath + loader.0] file:/Users/bearlam/dev/Geeknight/lib/neo4j-spatial-0.11-neo4j-1.9-server-plugin/jt-zonalstats-1.3.0.jar
     [classpath + loader.0] file:/Users/bearlam/dev/Geeknight/lib/neo4j-spatial-0.11-neo4j-1.9-server-plugin/neo4j-graph-algo-1.9.jar
     [classpath + loader.0] file:/Users/bearlam/dev/Geeknight/lib/neo4j-spatial-0.11-neo4j-1.9-server-plugin/json-simple-1.1.jar
     [classpath + loader.0] file:/Users/bearlam/dev/Geeknight/lib/neo4j-spatial-0.11-neo4j-1.9-server-plugin/gt-referencing-8.4.jar
     [classpath + loader.0] file:/Users/bearlam/dev/Geeknight/lib/neo4j-spatial-0.11-neo4j-1.9-server-plugin/imageio-ext-utilities-1.1.5.jar
     [classpath + loader.0] file:/Users/bearlam/dev/Geeknight/lib/neo4j-spatial-0.11-neo4j-1.9-server-plugin/commons-lang-2.4.jar
     [classpath + loader.0] file:/Library/Java/JavaVirtualMachines/jdk1.7.0_25.jdk/Contents/Home/jre/lib/plugin.jar
     [classpath + loader.0] file:/Users/bearlam/dev/Geeknight/lib/neo4j-spatial-0.11-neo4j-1.9-server-plugin/imageio-ext-tiff-1.1.5.jar
     [classpath + loader.0] file:/Users/bearlam/dev/Geeknight/lib/neo4j-spatial-0.11-neo4j-1.9-server-plugin/vecmath-1.3.2.jar
     [loader.1] file:/Library/Java/JavaVirtualMachines/jdk1.7.0_25.jdk/Contents/Home/jre/lib/ext/zipfs.jar
     [classpath + loader.0] file:/Users/bearlam/dev/Geeknight/lib/neo4j-spatial-0.11-neo4j-1.9-server-plugin/jai_imageio-1.1.jar
     [bootstrap + classpath + loader.0] file:/Library/Java/JavaVirtualMachines/jdk1.7.0_25.jdk/Contents/Home/jre/lib/rt.jar
     [classpath + loader.0] file:/Library/Java/JavaVirtualMachines/jdk1.7.0_25.jdk/Contents/Home/jre/lib/management-agent.jar
     [classpath + loader.0] file:/Users/bearlam/dev/Geeknight/lib/neo4j-spatial-0.11-neo4j-1.9-server-plugin/neo4j-lucene-index-1.9.jar
     [classpath + loader.0] file:/Users/bearlam/dev/Geeknight/lib/neo4j-spatial-0.11-neo4j-1.9-server-plugin/neo4j-graph-collections-0.6-neo4j-1.9.jar
     [bootstrap + classpath + loader.0] file:/Library/Java/JavaVirtualMachines/jdk1.7.0_25.jdk/Contents/Home/jre/lib/resources.jar
     [classpath + loader.0] file:/Library/Java/JavaVirtualMachines/jdk1.7.0_25.jdk/Contents/Home/lib/tools.jar
     [classpath + loader.0] file:/Library/Java/JavaVirtualMachines/jdk1.7.0_25.jdk/Contents/Home/lib/ant-javafx.jar
     [classpath + loader.0] file:/Users/bearlam/dev/Geeknight/lib/neo4j-spatial-0.11-neo4j-1.9-server-plugin/neo4j-cypher-1.9.jar
     [classpath + loader.0] file:/Users/bearlam/dev/Geeknight/lib/neo4j-spatial-0.11-neo4j-1.9-server-plugin/xercesImpl-2.4.0.jar
     [classpath + loader.0] file:/Users/bearlam/dev/Geeknight/lib/neo4j-spatial-0.11-neo4j-1.9-server-plugin/gt-cql-8.4.jar
     [classpath + loader.0] file:/Users/bearlam/dev/Geeknight/lib/neo4j-spatial-0.11-neo4j-1.9-server-plugin/jts-1.12.jar
     [classpath + loader.0] file:/Users/bearlam/dev/Geeknight/lib/neo4j-spatial-0.11-neo4j-1.9-server-plugin/lucene-core-3.6.2.jar
     [bootstrap + classpath + loader.0] file:/Library/Java/JavaVirtualMachines/jdk1.7.0_25.jdk/Contents/Home/jre/lib/charsets.jar
     [bootstrap + classpath + loader.0] file:/Library/Java/JavaVirtualMachines/jdk1.7.0_25.jdk/Contents/Home/jre/lib/jsse.jar
     [bootstrap + classpath + loader.0] file:/Library/Java/JavaVirtualMachines/jdk1.7.0_25.jdk/Contents/Home/jre/lib/jfr.jar
     [bootstrap] /Library/Java/JavaVirtualMachines/jdk1.7.0_25.jdk/Contents/Home/jre/classes
     [loader.1] file:/System/Library/Java/Extensions/AppleScriptEngine.jar
     [classpath + loader.0] file:/Users/bearlam/dev/Geeknight/lib/neo4j-spatial-0.11-neo4j-1.9-server-plugin/jt-utils-1.3.0.jar
     [classpath + loader.0] file:/Users/bearlam/dev/Geeknight/lib/neo4j-spatial-0.11-neo4j-1.9-server-plugin/neo4j-graph-matching-1.9.jar
2013-09-25 15:07:16.235+0000 INFO  [org.neo4j]: Library path:
    /Users/bearlam/Library/Java/Extensions
    /Library/Java/Extensions
    /Network/Library/Java/Extensions
    /System/Library/Java/Extensions
    /usr/lib/java
    /Users/bearlam/dev/Geeknight
2013-09-25 15:07:16.236+0000 INFO  [org.neo4j]: System.properties:
    sun.boot.library.path = /Library/Java/JavaVirtualMachines/jdk1.7.0_25.jdk/Contents/Home/jre/lib
    user.country.format = GB
    gopherProxySet = false
    path.separator = :
    idea.launcher.port = 7532
    file.encoding.pkg = sun.io
    user.country = US
    sun.java.launcher = SUN_STANDARD
    sun.os.patch.level = unknown
    user.dir = /Users/bearlam/dev/Geeknight
    sun.jnu.encoding = US-ASCII
    sun.management.compiler = HotSpot 64-Bit Tiered Compilers
    http.nonProxyHosts = local|*.local|169.254/16|*.169.254/16
    user.home = /Users/bearlam
    user.timezone = Europe/London
    file.encoding = UTF-8
    idea.launcher.bin.path = /Applications/IntelliJ IDEA 12.app/bin
    user.name = bearlam
    sun.java.command = com.intellij.rt.execution.application.AppMain com.intellij.rt.execution.junit.JUnitStarter -ideVersion5 ModelnTest,shouldFindTheQuickestPathBetweenFirswoodAndMediaCity
    sun.arch.data.model = 64
    user.language = en
    awt.toolkit = sun.lwawt.macosx.LWCToolkit
    file.separator = /
    sun.io.unicode.encoding = UnicodeBig
    sun.cpu.endian = little
    socksNonProxyHosts = local|*.local|169.254/16|*.169.254/16
    ftp.nonProxyHosts = local|*.local|169.254/16|*.169.254/16
    sun.cpu.isalist = 
2013-09-25 15:07:16.237+0000 INFO  [org.neo4j]: Network information:
    Interface vboxnet0:
        address: 33.33.33.1
    Interface en0:
        address: fe80:0:0:0:2acf:e9ff:fe15:51d%4
        address: 10.109.100.215
    Interface lo0:
        address: 0:0:0:0:0:0:0:1
        address: fe80:0:0:0:0:0:0:1%1
        address: 127.0.0.1
2013-09-25 15:07:16.238+0000 INFO  [org.neo4j]: --- INITIALIZED diagnostics END ---
2013-09-25 15:07:16.379+0000 INFO  [org.neo4j]: Creating new db @ graphModelN.db/neostore
2013-09-25 15:07:16.402+0000 INFO  [org.neo4j]: [graphModelN.db/neostore.nodestore.db] brickCount=0 brickSize=1950345b mappedMem=195035136b (storeSize=0b)
2013-09-25 15:07:16.405+0000 INFO  [org.neo4j]: graphModelN.db/neostore.nodestore.db hit=1 miss=0 switches=0 ooe=0
2013-09-25 15:07:16.417+0000 INFO  [org.neo4j]: [graphModelN.db/neostore.relationshiptypestore.db.names] brickCount=0 brickSize=0b mappedMem=0b (storeSize=38b)
2013-09-25 15:07:16.421+0000 INFO  [org.neo4j]: [graphModelN.db/neostore.relationshiptypestore.db] brickCount=0 brickSize=0b mappedMem=0b (storeSize=0b)
2013-09-25 15:07:16.421+0000 INFO  [org.neo4j]: graphModelN.db/neostore.relationshiptypestore.db.names hit=0 miss=0 switches=0 ooe=0
2013-09-25 15:07:16.422+0000 INFO  [org.neo4j]: graphModelN.db/neostore.relationshiptypestore.db hit=0 miss=0 switches=0 ooe=0
2013-09-25 15:07:16.423+0000 INFO  [org.neo4j]: [graphModelN.db/neostore.relationshiptypestore.db.names] brickCount=0 brickSize=0b mappedMem=0b (storeSize=38b)
2013-09-25 15:07:16.423+0000 INFO  [org.neo4j]: [graphModelN.db/neostore.relationshiptypestore.db] brickCount=0 brickSize=0b mappedMem=0b (storeSize=0b)
2013-09-25 15:07:16.423+0000 INFO  [org.neo4j]: [graphModelN.db/neostore.propertystore.db.strings] brickCount=0 brickSize=599680b mappedMem=599785472b (storeSize=128b)
2013-09-25 15:07:16.424+0000 INFO  [org.neo4j]: [graphModelN.db/neostore.propertystore.db.index.keys] brickCount=0 brickSize=0b mappedMem=0b (storeSize=38b)
2013-09-25 15:07:16.425+0000 INFO  [org.neo4j]: [graphModelN.db/neostore.propertystore.db.index] brickCount=0 brickSize=0b mappedMem=0b (storeSize=0b)
2013-09-25 15:07:16.426+0000 INFO  [org.neo4j]: [graphModelN.db/neostore.propertystore.db.arrays] brickCount=0 brickSize=679424b mappedMem=679477248b (storeSize=128b)
2013-09-25 15:07:16.429+0000 INFO  [org.neo4j]: [graphModelN.db/neostore.propertystore.db] brickCount=0 brickSize=7056879b mappedMem=705691648b (storeSize=0b)
2013-09-25 15:07:16.430+0000 INFO  [org.neo4j]: [graphModelN.db/neostore.relationshipstore.db] brickCount=0 brickSize=8640258b mappedMem=864026624b (storeSize=0b)
2013-09-25 15:07:16.431+0000 INFO  [org.neo4j]: [graphModelN.db/neostore.nodestore.db] brickCount=0 brickSize=195030b mappedMem=195035136b (storeSize=9b)
2013-09-25 15:07:16.431+0000 INFO  [org.neo4j]: [graphModelN.db/neostore] brickCount=0 brickSize=0b mappedMem=0b (storeSize=0b)
2013-09-25 15:07:16.435+0000 INFO  [org.neo4j]: graphModelN.db/neostore.relationshiptypestore.db.names hit=0 miss=0 switches=0 ooe=0
2013-09-25 15:07:16.436+0000 INFO  [org.neo4j]: graphModelN.db/neostore.relationshiptypestore.db hit=0 miss=0 switches=0 ooe=0
2013-09-25 15:07:16.436+0000 INFO  [org.neo4j]: graphModelN.db/neostore.propertystore.db.strings hit=0 miss=0 switches=0 ooe=0
2013-09-25 15:07:16.437+0000 INFO  [org.neo4j]: graphModelN.db/neostore.propertystore.db.index.keys hit=0 miss=0 switches=0 ooe=0
2013-09-25 15:07:16.438+0000 INFO  [org.neo4j]: graphModelN.db/neostore.propertystore.db.index hit=0 miss=0 switches=0 ooe=0
2013-09-25 15:07:16.439+0000 INFO  [org.neo4j]: graphModelN.db/neostore.propertystore.db.arrays hit=0 miss=0 switches=0 ooe=0
2013-09-25 15:07:16.439+0000 INFO  [org.neo4j]: graphModelN.db/neostore.propertystore.db hit=0 miss=0 switches=0 ooe=0
2013-09-25 15:07:16.440+0000 INFO  [org.neo4j]: graphModelN.db/neostore.relationshipstore.db hit=0 miss=0 switches=0 ooe=0
2013-09-25 15:07:16.441+0000 INFO  [org.neo4j]: graphModelN.db/neostore.nodestore.db hit=0 miss=0 switches=0 ooe=0
2013-09-25 15:07:16.442+0000 INFO  [org.neo4j]: graphModelN.db/neostore hit=0 miss=8 switches=0 ooe=0
2013-09-25 15:07:16.445+0000 INFO  [org.neo4j]: [graphModelN.db/neostore.relationshiptypestore.db.names] brickCount=0 brickSize=0b mappedMem=0b (storeSize=38b)
2013-09-25 15:07:16.446+0000 INFO  [org.neo4j]: [graphModelN.db/neostore.relationshiptypestore.db] brickCount=0 brickSize=0b mappedMem=0b (storeSize=0b)
2013-09-25 15:07:16.446+0000 INFO  [org.neo4j]: [graphModelN.db/neostore.propertystore.db.strings] brickCount=0 brickSize=599680b mappedMem=599785472b (storeSize=128b)
2013-09-25 15:07:16.446+0000 INFO  [org.neo4j]: [graphModelN.db/neostore.propertystore.db.index.keys] brickCount=0 brickSize=0b mappedMem=0b (storeSize=38b)
2013-09-25 15:07:16.447+0000 INFO  [org.neo4j]: [graphModelN.db/neostore.propertystore.db.index] brickCount=0 brickSize=0b mappedMem=0b (storeSize=0b)
2013-09-25 15:07:16.447+0000 INFO  [org.neo4j]: [graphModelN.db/neostore.propertystore.db.arrays] brickCount=0 brickSize=679424b mappedMem=679477248b (storeSize=128b)
2013-09-25 15:07:16.447+0000 INFO  [org.neo4j]: [graphModelN.db/neostore.propertystore.db] brickCount=0 brickSize=7056879b mappedMem=705691648b (storeSize=0b)
2013-09-25 15:07:16.448+0000 INFO  [org.neo4j]: [graphModelN.db/neostore.relationshipstore.db] brickCount=0 brickSize=8640258b mappedMem=864026624b (storeSize=0b)
2013-09-25 15:07:16.448+0000 INFO  [org.neo4j]: [graphModelN.db/neostore.nodestore.db] brickCount=0 brickSize=195030b mappedMem=195035136b (storeSize=9b)
2013-09-25 15:07:16.449+0000 INFO  [org.neo4j]: [graphModelN.db/neostore] brickCount=0 brickSize=0b mappedMem=0b (storeSize=54b)
2013-09-25 15:07:16.470+0000 INFO  [org.neo4j]: Opened logical log [graphModelN.db/nioneo_logical.log.1] version=0, lastTxId=1 (clean)
2013-09-25 15:07:16.475+0000 INFO  [org.neo4j]: TM new log: tm_tx_log.1
2013-09-25 15:07:16.517+0000 INFO  [org.neo4j]: Opened logical log [graphModelN.db/index/lucene.log.1] version=0, lastTxId=1 (clean)
2013-09-25 15:07:16.522+0000 INFO  [org.neo4j]: --- STARTED diagnostics for KernelDiagnostics:Versions START ---
2013-09-25 15:07:16.522+0000 INFO  [org.neo4j]: Graph Database: org.neo4j.kernel.EmbeddedGraphDatabase StoreId[time:1380121636380, id:-6085152851483362871, store version: 13561656364791302]
2013-09-25 15:07:16.522+0000 INFO  [org.neo4j]: Kernel version: Neo4j - Graph Database Kernel 1.9
2013-09-25 15:07:16.522+0000 INFO  [org.neo4j]: Neo4j component versions:
2013-09-25 15:07:16.523+0000 INFO  [org.neo4j]:   Neo4j - Graph Database Kernel 1.9
2013-09-25 15:07:16.523+0000 INFO  [org.neo4j]: --- STARTED diagnostics for KernelDiagnostics:Versions END ---
2013-09-25 15:07:16.526+0000 INFO  [org.neo4j]: --- STARTED diagnostics for NEO_STORE_VERSIONS START ---
2013-09-25 15:07:16.526+0000 INFO  [org.neo4j]: Store versions:
    Store versions:
      NeoStore v0.A.0
      NodeStore v0.A.0
      RelationshipStore v0.A.0
      RelationshipTypeStore v0.A.0
      PropertyStore v0.A.0
      PropertyIndexStore v0.A.0
      StringPropertyStore v0.A.0
      ArrayPropertyStore v0.A.0
2013-09-25 15:07:16.526+0000 INFO  [org.neo4j]: --- STARTED diagnostics for NEO_STORE_VERSIONS END ---
2013-09-25 15:07:16.526+0000 INFO  [org.neo4j]: --- STARTED diagnostics for NEO_STORE_ID_USAGE START ---
2013-09-25 15:07:16.527+0000 INFO  [org.neo4j]: Id usage:
    Id usage:
      NodeStore: used=1 high=0
      RelationshipStore: used=0 high=-1
      RelationshipTypeStore: used=0 high=-1
      PropertyStore: used=0 high=-1
      PropertyIndexStore: used=0 high=-1
      StringPropertyStore: used=1 high=0
      ArrayPropertyStore: used=1 high=0
2013-09-25 15:07:16.527+0000 INFO  [org.neo4j]: --- STARTED diagnostics for NEO_STORE_ID_USAGE END ---
2013-09-25 15:07:16.527+0000 INFO  [org.neo4j]: --- STARTED diagnostics for PERSISTENCE_WINDOW_POOL_STATS START ---
2013-09-25 15:07:16.528+0000 INFO  [org.neo4j]: --- STARTED diagnostics for PERSISTENCE_WINDOW_POOL_STATS END ---
2013-09-25 15:07:16.528+0000 INFO  [org.neo4j]: --- STARTED diagnostics for KernelDiagnostics:StoreFiles START ---
2013-09-25 15:07:16.528+0000 INFO  [org.neo4j]: Disk space on partition (Total / Free / Free %): 499418034176 / 419453460480 / 83
Storage files: (filename : modification date - size)
      active_tx_log: 2013-09-25T16:07:16+0100 - 11.00 B
      index:
        lucene-store.db: 2013-09-25T16:07:16+0100 - 40.00 B
        lucene.log.1: 2013-09-25T16:07:16+0100 - 16.00 B
        lucene.log.active: 2013-09-25T16:07:16+0100 - 4.00 B
      - Total: 2013-09-25T16:07:16+0100 - 60.00 B
      lock: 2013-09-25T16:07:16+0100 - 0.00 B
      messages.log: 2013-09-25T16:07:16+0100 - 21.80 kB
      neostore: 2013-09-25T16:07:16+0100 - 54.00 B
      neostore.id: 2013-09-25T16:07:16+0100 - 9.00 B
      neostore.nodestore.db: 2013-09-25T16:07:16+0100 - 9.00 B
      neostore.nodestore.db.id: 2013-09-25T16:07:16+0100 - 9.00 B
      neostore.propertystore.db: 2013-09-25T16:07:16+0100 - 0.00 B
      neostore.propertystore.db.arrays: 2013-09-25T16:07:16+0100 - 128.00 B
      neostore.propertystore.db.arrays.id: 2013-09-25T16:07:16+0100 - 9.00 B
      neostore.propertystore.db.id: 2013-09-25T16:07:16+0100 - 9.00 B
      neostore.propertystore.db.index: 2013-09-25T16:07:16+0100 - 0.00 B
      neostore.propertystore.db.index.id: 2013-09-25T16:07:16+0100 - 9.00 B
      neostore.propertystore.db.index.keys: 2013-09-25T16:07:16+0100 - 38.00 B
      neostore.propertystore.db.index.keys.id: 2013-09-25T16:07:16+0100 - 9.00 B
      neostore.propertystore.db.strings: 2013-09-25T16:07:16+0100 - 128.00 B
      neostore.propertystore.db.strings.id: 2013-09-25T16:07:16+0100 - 9.00 B
      neostore.relationshipstore.db: 2013-09-25T16:07:16+0100 - 0.00 B
      neostore.relationshipstore.db.id: 2013-09-25T16:07:16+0100 - 9.00 B
      neostore.relationshiptypestore.db: 2013-09-25T16:07:16+0100 - 0.00 B
      neostore.relationshiptypestore.db.id: 2013-09-25T16:07:16+0100 - 9.00 B
      neostore.relationshiptypestore.db.names: 2013-09-25T16:07:16+0100 - 38.00 B
      neostore.relationshiptypestore.db.names.id: 2013-09-25T16:07:16+0100 - 9.00 B
      nioneo_logical.log.1: 2013-09-25T16:07:16+0100 - 16.00 B
      nioneo_logical.log.active: 2013-09-25T16:07:16+0100 - 4.00 B
      store_lock: 2013-09-25T16:07:16+0100 - 0.00 B
      tm_tx_log.1: 2013-09-25T16:07:16+0100 - 0.00 B
2013-09-25 15:11:10.432+0000 INFO  [o.n.k.i.DiagnosticsManager]: --- INITIALIZED diagnostics START ---
2013-09-25 15:11:10.436+0000 INFO  [o.n.k.i.DiagnosticsManager]: Neo4j Kernel properties:
2013-09-25 15:11:10.438+0000 INFO  [o.n.k.i.DiagnosticsManager]: neostore.propertystore.db.mapped_memory=657M
2013-09-25 15:11:10.438+0000 INFO  [o.n.k.i.DiagnosticsManager]: neostore.nodestore.db.mapped_memory=182M
2013-09-25 15:11:10.438+0000 INFO  [o.n.k.i.DiagnosticsManager]: neostore.propertystore.db.strings.mapped_memory=558M
2013-09-25 15:11:10.438+0000 INFO  [o.n.k.i.DiagnosticsManager]: neo4j.ext.udc.source=server
2013-09-25 15:11:10.438+0000 INFO  [o.n.k.i.DiagnosticsManager]: store_dir=../../dev/Geeknight/graphModelN.db
2013-09-25 15:11:10.438+0000 INFO  [o.n.k.i.DiagnosticsManager]: neostore.relationshipstore.db.mapped_memory=805M
2013-09-25 15:11:10.439+0000 INFO  [o.n.k.i.DiagnosticsManager]: keep_logical_logs=true
2013-09-25 15:11:10.439+0000 INFO  [o.n.k.i.DiagnosticsManager]: neostore.propertystore.db.arrays.mapped_memory=633M
2013-09-25 15:11:10.439+0000 INFO  [o.n.k.i.DiagnosticsManager]: remote_shell_enabled=true
2013-09-25 15:11:10.439+0000 INFO  [o.n.k.i.DiagnosticsManager]: ephemeral=false
2013-09-25 15:11:10.440+0000 INFO  [o.n.k.i.DiagnosticsManager]: Diagnostics providers:
2013-09-25 15:11:10.440+0000 INFO  [o.n.k.i.DiagnosticsManager]: org.neo4j.kernel.configuration.Config
2013-09-25 15:11:10.440+0000 INFO  [o.n.k.i.DiagnosticsManager]: org.neo4j.kernel.info.DiagnosticsManager
2013-09-25 15:11:10.440+0000 INFO  [o.n.k.i.DiagnosticsManager]: SYSTEM_MEMORY
2013-09-25 15:11:10.440+0000 INFO  [o.n.k.i.DiagnosticsManager]: JAVA_MEMORY
2013-09-25 15:11:10.440+0000 INFO  [o.n.k.i.DiagnosticsManager]: OPERATING_SYSTEM
2013-09-25 15:11:10.440+0000 INFO  [o.n.k.i.DiagnosticsManager]: JAVA_VIRTUAL_MACHINE
2013-09-25 15:11:10.440+0000 INFO  [o.n.k.i.DiagnosticsManager]: CLASSPATH
2013-09-25 15:11:10.440+0000 INFO  [o.n.k.i.DiagnosticsManager]: LIBRARY_PATH
2013-09-25 15:11:10.440+0000 INFO  [o.n.k.i.DiagnosticsManager]: SYSTEM_PROPERTIES
2013-09-25 15:11:10.440+0000 INFO  [o.n.k.i.DiagnosticsManager]: NETWORK
2013-09-25 15:11:10.441+0000 INFO  [o.n.k.i.DiagnosticsManager]: System memory information:
2013-09-25 15:11:10.442+0000 INFO  [o.n.k.i.DiagnosticsManager]: Total Physical memory: 8.00 GB
2013-09-25 15:11:10.443+0000 INFO  [o.n.k.i.DiagnosticsManager]: Free Physical memory: 235.06 MB
2013-09-25 15:11:10.443+0000 INFO  [o.n.k.i.DiagnosticsManager]: Committed virtual memory: 4.54 GB
2013-09-25 15:11:10.443+0000 INFO  [o.n.k.i.DiagnosticsManager]: Total swap space: 5.00 GB
2013-09-25 15:11:10.444+0000 INFO  [o.n.k.i.DiagnosticsManager]: Free swap space: 847.59 MB
2013-09-25 15:11:10.444+0000 INFO  [o.n.k.i.DiagnosticsManager]: JVM memory information:
2013-09-25 15:11:10.444+0000 INFO  [o.n.k.i.DiagnosticsManager]: Free  memory: 99.79 MB
2013-09-25 15:11:10.444+0000 INFO  [o.n.k.i.DiagnosticsManager]: Total memory: 117.31 MB
2013-09-25 15:11:10.444+0000 INFO  [o.n.k.i.DiagnosticsManager]: Max   memory: 1.83 GB
2013-09-25 15:11:10.446+0000 INFO  [o.n.k.i.DiagnosticsManager]: Garbage Collector: ParNew: [Par Eden Space, Par Survivor Space]
2013-09-25 15:11:10.446+0000 INFO  [o.n.k.i.DiagnosticsManager]: Garbage Collector: ConcurrentMarkSweep: [Par Eden Space, Par Survivor Space, CMS Old Gen, CMS Perm Gen]
2013-09-25 15:11:10.447+0000 INFO  [o.n.k.i.DiagnosticsManager]: Memory Pool: Code Cache (Non-heap memory): committed=2.44 MB, used=704.75 kB, max=48.00 MB, threshold=0.00 B
2013-09-25 15:11:10.448+0000 INFO  [o.n.k.i.DiagnosticsManager]: Memory Pool: Par Eden Space (Heap memory): committed=32.44 MB, used=12.31 MB, max=517.38 MB, threshold=?
2013-09-25 15:11:10.448+0000 INFO  [o.n.k.i.DiagnosticsManager]: Memory Pool: Par Survivor Space (Heap memory): committed=4.00 MB, used=4.00 MB, max=64.63 MB, threshold=?
2013-09-25 15:11:10.449+0000 INFO  [o.n.k.i.DiagnosticsManager]: Memory Pool: CMS Old Gen (Heap memory): committed=80.88 MB, used=1.21 MB, max=1.27 GB, threshold=0.00 B
2013-09-25 15:11:10.449+0000 INFO  [o.n.k.i.DiagnosticsManager]: Memory Pool: CMS Perm Gen (Non-heap memory): committed=20.75 MB, used=12.15 MB, max=82.00 MB, threshold=0.00 B
2013-09-25 15:11:10.449+0000 INFO  [o.n.k.i.DiagnosticsManager]: Operating system information:
2013-09-25 15:11:10.450+0000 INFO  [o.n.k.i.DiagnosticsManager]: Operating System: Mac OS X; version: 10.8.3; arch: x86_64; cpus: 8
2013-09-25 15:11:10.450+0000 INFO  [o.n.k.i.DiagnosticsManager]: Max number of file descriptors: 10240
2013-09-25 15:11:10.450+0000 INFO  [o.n.k.i.DiagnosticsManager]: Number of open file descriptors: 87
2013-09-25 15:11:10.451+0000 INFO  [o.n.k.i.DiagnosticsManager]: Process id: 8816@localhost
2013-09-25 15:11:10.451+0000 INFO  [o.n.k.i.DiagnosticsManager]: Byte order: LITTLE_ENDIAN
2013-09-25 15:11:10.451+0000 INFO  [o.n.k.i.DiagnosticsManager]: Local timezone: Europe/London
2013-09-25 15:11:10.451+0000 INFO  [o.n.k.i.DiagnosticsManager]: JVM information:
2013-09-25 15:11:10.451+0000 INFO  [o.n.k.i.DiagnosticsManager]: VM Name: Java HotSpot(TM) 64-Bit Server VM
2013-09-25 15:11:10.451+0000 INFO  [o.n.k.i.DiagnosticsManager]: VM Vendor: Oracle Corporation
2013-09-25 15:11:10.451+0000 INFO  [o.n.k.i.DiagnosticsManager]: VM Version: 23.25-b01
2013-09-25 15:11:10.451+0000 INFO  [o.n.k.i.DiagnosticsManager]: JIT compiler: HotSpot 64-Bit Tiered Compilers
2013-09-25 15:11:10.452+0000 INFO  [o.n.k.i.DiagnosticsManager]: VM Arguments: [-XX:+DisableExplicitGC, -Dorg.neo4j.server.properties=conf/neo4j-server.properties, -Djava.util.logging.config.file=conf/logging.properties, -Dlog4j.configuration=file:conf/log4j.properties, -XX:+UseConcMarkSweepGC, -XX:+CMSClassUnloadingEnabled, -Dneo4j.home=/Users/bearlam/Applications/neo4j-community-1.9.1, -Dneo4j.instance=/Users/bearlam/Applications/neo4j-community-1.9.1, -Dfile.encoding=UTF-8]
2013-09-25 15:11:10.452+0000 INFO  [o.n.k.i.DiagnosticsManager]: Java classpath:
2013-09-25 15:11:10.454+0000 INFO  [o.n.k.i.DiagnosticsManager]:  [classpath + loader.0] file:/Users/bearlam/Applications/neo4j-community-1.9.1/lib/scala-library-2.10.0.jar
2013-09-25 15:11:10.454+0000 INFO  [o.n.k.i.DiagnosticsManager]:  [classpath + loader.0] file:/Users/bearlam/Applications/neo4j-community-1.9.1/system/lib/jetty-6.1.25.jar
2013-09-25 15:11:10.454+0000 INFO  [o.n.k.i.DiagnosticsManager]:  [loader.1] file:/System/Library/Java/Extensions/dns_sd.jar
2013-09-25 15:11:10.454+0000 INFO  [o.n.k.i.DiagnosticsManager]:  [classpath + loader.0] file:/Users/bearlam/Applications/neo4j-community-1.9.1/lib/neo4j-udc-1.9.1.jar
2013-09-25 15:11:10.454+0000 INFO  [o.n.k.i.DiagnosticsManager]:  [classpath + loader.0] file:/Users/bearlam/Applications/neo4j-community-1.9.1/lib/neo4j-shell-1.9.1.jar
2013-09-25 15:11:10.454+0000 INFO  [o.n.k.i.DiagnosticsManager]:  [loader.1] file:/Library/Java/JavaVirtualMachines/jdk1.7.0_25.jdk/Contents/Home/jre/lib/ext/sunpkcs11.jar
2013-09-25 15:11:10.454+0000 INFO  [o.n.k.i.DiagnosticsManager]:  [classpath + loader.0] file:/Users/bearlam/Applications/neo4j-community-1.9.1/plugins/gremlin1.5/asm-util-3.2.jar
2013-09-25 15:11:10.454+0000 INFO  [o.n.k.i.DiagnosticsManager]:  [loader.1] file:/System/Library/Java/Extensions/MRJToolkit.jar
2013-09-25 15:11:10.454+0000 INFO  [o.n.k.i.DiagnosticsManager]:  [loader.1] file:/System/Library/Java/Extensions/vecmath.jar
2013-09-25 15:11:10.454+0000 INFO  [o.n.k.i.DiagnosticsManager]:  [classpath + loader.0] file:/Users/bearlam/Applications/neo4j-community-1.9.1/plugins/gremlin1.5/blueprints-core-1.2.jar
2013-09-25 15:11:10.454+0000 INFO  [o.n.k.i.DiagnosticsManager]:  [classpath + loader.0] file:/Users/bearlam/Applications/neo4j-community-1.9.1/lib/geronimo-jta_1.1_spec-1.1.1.jar
2013-09-25 15:11:10.454+0000 INFO  [o.n.k.i.DiagnosticsManager]:  [loader.1] file:/System/Library/Java/Extensions/libmlib_jai.jnilib
2013-09-25 15:11:10.454+0000 INFO  [o.n.k.i.DiagnosticsManager]:  [classpath + loader.0] file:/Users/bearlam/Applications/neo4j-community-1.9.1/system/lib/logback-access-0.9.30.jar
2013-09-25 15:11:10.454+0000 INFO  [o.n.k.i.DiagnosticsManager]:  [bootstrap] /Library/Java/JavaVirtualMachines/jdk1.7.0_25.jdk/Contents/Home/jre/lib/jsse.jar
2013-09-25 15:11:10.454+0000 INFO  [o.n.k.i.DiagnosticsManager]:  [classpath + loader.0] file:/Users/bearlam/Applications/neo4j-community-1.9.1/system/lib/jersey-core-1.9.jar
2013-09-25 15:11:10.454+0000 INFO  [o.n.k.i.DiagnosticsManager]:  [classpath + loader.0] file:/Users/bearlam/Applications/neo4j-community-1.9.1/lib/server-api-1.9.1.jar
2013-09-25 15:11:10.454+0000 INFO  [o.n.k.i.DiagnosticsManager]:  [classpath + loader.0] file:/Users/bearlam/Applications/neo4j-community-1.9.1/system/lib/neo4j-server-1.9.1.jar
2013-09-25 15:11:10.455+0000 INFO  [o.n.k.i.DiagnosticsManager]:  [classpath + loader.0] file:/Users/bearlam/Applications/neo4j-community-1.9.1/conf/
2013-09-25 15:11:10.455+0000 INFO  [o.n.k.i.DiagnosticsManager]:  [bootstrap] /Library/Java/JavaVirtualMachines/jdk1.7.0_25.jdk/Contents/Home/jre/lib/charsets.jar
2013-09-25 15:11:10.455+0000 INFO  [o.n.k.i.DiagnosticsManager]:  [bootstrap] /Library/Java/JavaVirtualMachines/jdk1.7.0_25.jdk/Contents/Home/jre/lib/sunrsasign.jar
2013-09-25 15:11:10.455+0000 INFO  [o.n.k.i.DiagnosticsManager]:  [classpath + loader.0] file:/Users/bearlam/Applications/neo4j-community-1.9.1/system/lib/logback-core-0.9.30.jar
2013-09-25 15:11:10.455+0000 INFO  [o.n.k.i.DiagnosticsManager]:  [classpath + loader.0] file:/Users/bearlam/Applications/neo4j-community-1.9.1/system/lib/commons-lang-2.4.jar
2013-09-25 15:11:10.455+0000 INFO  [o.n.k.i.DiagnosticsManager]:  [loader.1] file:/Library/Java/JavaVirtualMachines/jdk1.7.0_25.jdk/Contents/Home/jre/lib/ext/localedata.jar
2013-09-25 15:11:10.455+0000 INFO  [o.n.k.i.DiagnosticsManager]:  [classpath + loader.0] file:/Users/bearlam/Applications/neo4j-community-1.9.1/system/lib/logback-classic-0.9.30.jar
2013-09-25 15:11:10.455+0000 INFO  [o.n.k.i.DiagnosticsManager]:  [classpath + loader.0] file:/Users/bearlam/Applications/neo4j-community-1.9.1/system/lib/jackson-jaxrs-1.9.7.jar
2013-09-25 15:11:10.455+0000 INFO  [o.n.k.i.DiagnosticsManager]:  [loader.1] file:/System/Library/Java/Extensions/libJ3D.jnilib
2013-09-25 15:11:10.455+0000 INFO  [o.n.k.i.DiagnosticsManager]:  [classpath + loader.0] file:/Users/bearlam/Applications/neo4j-community-1.9.1/system/lib/neo4j-cypher-plugin-1.9.1.jar
2013-09-25 15:11:10.455+0000 INFO  [o.n.k.i.DiagnosticsManager]:  [loader.1] file:/Library/Java/JavaVirtualMachines/jdk1.7.0_25.jdk/Contents/Home/jre/lib/ext/sunec.jar
2013-09-25 15:11:10.455+0000 INFO  [o.n.k.i.DiagnosticsManager]:  [loader.1] file:/System/Library/Java/Extensions/mlibwrapper_jai.jar
2013-09-25 15:11:10.455+0000 INFO  [o.n.k.i.DiagnosticsManager]:  [classpath + loader.0] file:/Users/bearlam/Applications/neo4j-community-1.9.1/system/lib/commons-collections-3.2.1.jar
2013-09-25 15:11:10.455+0000 INFO  [o.n.k.i.DiagnosticsManager]:  [loader.1] file:/System/Library/Java/Extensions/QTJava.zip
2013-09-25 15:11:10.455+0000 INFO  [o.n.k.i.DiagnosticsManager]:  [classpath + loader.0] file:/Users/bearlam/Applications/neo4j-community-1.9.1/plugins/gremlin1.5/gremlin-groovy-1.5.jar
2013-09-25 15:11:10.455+0000 INFO  [o.n.k.i.DiagnosticsManager]:  [classpath + loader.0] file:/Users/bearlam/Applications/neo4j-community-1.9.1/system/lib/servlet-api-2.5-20081211.jar
2013-09-25 15:11:10.455+0000 INFO  [o.n.k.i.DiagnosticsManager]:  [loader.1] file:/Library/Java/JavaVirtualMachines/jdk1.7.0_25.jdk/Contents/Home/jre/lib/ext/sunjce_provider.jar
2013-09-25 15:11:10.455+0000 INFO  [o.n.k.i.DiagnosticsManager]:  [bootstrap] /Library/Java/JavaVirtualMachines/jdk1.7.0_25.jdk/Contents/Home/jre/lib/resources.jar
2013-09-25 15:11:10.455+0000 INFO  [o.n.k.i.DiagnosticsManager]:  [loader.1] file:/System/Library/Java/Extensions/libJ3DAudio.jnilib
2013-09-25 15:11:10.455+0000 INFO  [o.n.k.i.DiagnosticsManager]:  [loader.1] file:/System/Library/Java/Extensions/libAppleScriptEngine.jnilib
2013-09-25 15:11:10.455+0000 INFO  [o.n.k.i.DiagnosticsManager]:  [classpath + loader.0] file:/Users/bearlam/Applications/neo4j-community-1.9.1/plugins/gremlin1.5/antlr-2.7.7.jar
2013-09-25 15:11:10.455+0000 INFO  [o.n.k.i.DiagnosticsManager]:  [classpath + loader.0] file:/Users/bearlam/Applications/neo4j-community-1.9.1/plugins/gremlin1.5/asm-commons-3.2.jar
2013-09-25 15:11:10.455+0000 INFO  [o.n.k.i.DiagnosticsManager]:  [classpath + loader.0] file:/Users/bearlam/Applications/neo4j-community-1.9.1/system/lib/jetty-util-6.1.25.jar
2013-09-25 15:11:10.455+0000 INFO  [o.n.k.i.DiagnosticsManager]:  [loader.1] file:/System/Library/Java/Extensions/j3daudio.jar
2013-09-25 15:11:10.456+0000 INFO  [o.n.k.i.DiagnosticsManager]:  [classpath + loader.0] file:/Users/bearlam/Applications/neo4j-community-1.9.1/plugins/gremlin1.5/jettison-1.3.jar
2013-09-25 15:11:10.456+0000 INFO  [o.n.k.i.DiagnosticsManager]:  [classpath + loader.0] file:/Users/bearlam/Applications/neo4j-community-1.9.1/system/lib/commons-beanutils-core-1.8.0.jar
2013-09-25 15:11:10.456+0000 INFO  [o.n.k.i.DiagnosticsManager]:  [loader.1] file:/System/Library/Java/Extensions/libJ3DUtils.jnilib
2013-09-25 15:11:10.456+0000 INFO  [o.n.k.i.DiagnosticsManager]:  [bootstrap] /Library/Java/JavaVirtualMachines/jdk1.7.0_25.jdk/Contents/Home/jre/lib/jce.jar
2013-09-25 15:11:10.456+0000 INFO  [o.n.k.i.DiagnosticsManager]:  [loader.1] file:/System/Library/Java/Extensions/libQTJNative.jnilib
2013-09-25 15:11:10.456+0000 INFO  [o.n.k.i.DiagnosticsManager]:  [loader.1] file:/System/Library/Java/Extensions/j3dcore.jar
2013-09-25 15:11:10.456+0000 INFO  [o.n.k.i.DiagnosticsManager]:  [classpath + loader.0] file:/Users/bearlam/Applications/neo4j-community-1.9.1/system/lib/slf4j-api-1.6.2.jar
2013-09-25 15:11:10.456+0000 INFO  [o.n.k.i.DiagnosticsManager]:  [classpath + loader.0] file:/Users/bearlam/Applications/neo4j-community-1.9.1/system/lib/janino-2.5.10.jar
2013-09-25 15:11:10.456+0000 INFO  [o.n.k.i.DiagnosticsManager]:  [classpath + loader.0] file:/Users/bearlam/Applications/neo4j-community-1.9.1/system/lib/commons-io-1.4.jar
2013-09-25 15:11:10.456+0000 INFO  [o.n.k.i.DiagnosticsManager]:  [classpath + loader.0] file:/Users/bearlam/Applications/neo4j-community-1.9.1/lib/neo4j-graph-algo-1.9.1.jar
2013-09-25 15:11:10.456+0000 INFO  [o.n.k.i.DiagnosticsManager]:  [loader.1] file:/usr/lib/java/libjdns_sd.jnilib
2013-09-25 15:11:10.456+0000 INFO  [o.n.k.i.DiagnosticsManager]:  [bootstrap] /Library/Java/JavaVirtualMachines/jdk1.7.0_25.jdk/Contents/Home/jre/lib/jfr.jar
2013-09-25 15:11:10.456+0000 INFO  [o.n.k.i.DiagnosticsManager]:  [classpath + loader.0] file:/Users/bearlam/Applications/neo4j-community-1.9.1/system/lib/jcl-over-slf4j-1.6.1.jar
2013-09-25 15:11:10.456+0000 INFO  [o.n.k.i.DiagnosticsManager]:  [classpath + loader.0] file:/Users/bearlam/Applications/neo4j-community-1.9.1/lib/neo4j-kernel-1.9.1.jar
2013-09-25 15:11:10.456+0000 INFO  [o.n.k.i.DiagnosticsManager]:  [classpath + loader.0] file:/Users/bearlam/Applications/neo4j-community-1.9.1/system/lib/asm-3.1.jar
2013-09-25 15:11:10.456+0000 INFO  [o.n.k.i.DiagnosticsManager]:  [loader.1] file:/System/Library/Java/Extensions/j3dutils.jar
2013-09-25 15:11:10.456+0000 INFO  [o.n.k.i.DiagnosticsManager]:  [classpath + loader.0] file:/Users/bearlam/Applications/neo4j-community-1.9.1/lib/lucene-core-3.6.2.jar
2013-09-25 15:11:10.456+0000 INFO  [o.n.k.i.DiagnosticsManager]:  [classpath + loader.0] file:/Users/bearlam/Applications/neo4j-community-1.9.1/system/lib/bcprov-jdk16-140.jar
2013-09-25 15:11:10.456+0000 INFO  [o.n.k.i.DiagnosticsManager]:  [loader.1] file:/System/Library/Java/Extensions/jai_core.jar
2013-09-25 15:11:10.456+0000 INFO  [o.n.k.i.DiagnosticsManager]:  [loader.1] file:/Library/Java/JavaVirtualMachines/jdk1.7.0_25.jdk/Contents/Home/jre/lib/ext/dnsns.jar
2013-09-25 15:11:10.456+0000 INFO  [o.n.k.i.DiagnosticsManager]:  [classpath + loader.0] file:/Users/bearlam/Applications/neo4j-community-1.9.1/system/lib/commons-configuration-1.6.jar
2013-09-25 15:11:10.456+0000 INFO  [o.n.k.i.DiagnosticsManager]:  [bootstrap] /Library/Java/JavaVirtualMachines/jdk1.7.0_25.jdk/Contents/Home/jre/lib/rt.jar
2013-09-25 15:11:10.456+0000 INFO  [o.n.k.i.DiagnosticsManager]:  [loader.1] file:/System/Library/Java/Extensions/jai_codec.jar
2013-09-25 15:11:10.456+0000 INFO  [o.n.k.i.DiagnosticsManager]:  [classpath + loader.0] file:/Users/bearlam/Applications/neo4j-community-1.9.1/system/lib/neo4j-server-1.9.1-static-web.jar
2013-09-25 15:11:10.457+0000 INFO  [o.n.k.i.DiagnosticsManager]:  [classpath + loader.0] file:/Users/bearlam/Applications/neo4j-community-1.9.1/system/lib/jackson-core-asl-1.9.7.jar
2013-09-25 15:11:10.457+0000 INFO  [o.n.k.i.DiagnosticsManager]:  [classpath + loader.0] file:/Users/bearlam/Applications/neo4j-community-1.9.1/lib/neo4j-cypher-1.9.1.jar
2013-09-25 15:11:10.457+0000 INFO  [o.n.k.i.DiagnosticsManager]:  [classpath + loader.0] file:/Users/bearlam/Applications/neo4j-community-1.9.1/plugins/gremlin1.5/gremlin-java-1.5.jar
2013-09-25 15:11:10.457+0000 INFO  [o.n.k.i.DiagnosticsManager]:  [classpath + loader.0] file:/Users/bearlam/Applications/neo4j-community-1.9.1/system/lib/rhino-1.7R3.jar
2013-09-25 15:11:10.457+0000 INFO  [o.n.k.i.DiagnosticsManager]:  [classpath + loader.0] file:/Users/bearlam/Applications/neo4j-community-1.9.1/system/lib/mimepull-1.6.jar
2013-09-25 15:11:10.457+0000 INFO  [o.n.k.i.DiagnosticsManager]:  [classpath + loader.0] file:/Users/bearlam/Applications/neo4j-community-1.9.1/lib/org.apache.servicemix.bundles.jline-0.9.94_1.jar
2013-09-25 15:11:10.457+0000 INFO  [o.n.k.i.DiagnosticsManager]:  [classpath + loader.0] file:/Users/bearlam/Applications/neo4j-community-1.9.1/system/lib/commons-digester-1.8.1.jar
2013-09-25 15:11:10.457+0000 INFO  [o.n.k.i.DiagnosticsManager]:  [classpath + loader.0] file:/Users/bearlam/Applications/neo4j-community-1.9.1/system/lib/jersey-multipart-1.9.jar
2013-09-25 15:11:10.457+0000 INFO  [o.n.k.i.DiagnosticsManager]:  [loader.1] file:/Library/Java/JavaVirtualMachines/jdk1.7.0_25.jdk/Contents/Home/jre/lib/ext/zipfs.jar
2013-09-25 15:11:10.457+0000 INFO  [o.n.k.i.DiagnosticsManager]:  [classpath + loader.0] file:/Users/bearlam/Applications/neo4j-community-1.9.1/plugins/gremlin1.5/jansi-1.5.jar
2013-09-25 15:11:10.457+0000 INFO  [o.n.k.i.DiagnosticsManager]:  [classpath + loader.0] file:/Users/bearlam/Applications/neo4j-community-1.9.1/plugins/gremlin1.5/groovy-1.8.5.jar
2013-09-25 15:11:10.457+0000 INFO  [o.n.k.i.DiagnosticsManager]:  [classpath + loader.0] file:/Users/bearlam/Applications/neo4j-community-1.9.1/lib/neo4j-jmx-1.9.1.jar
2013-09-25 15:11:10.457+0000 INFO  [o.n.k.i.DiagnosticsManager]:  [classpath + loader.0] file:/Users/bearlam/Applications/neo4j-community-1.9.1/system/lib/jersey-server-1.9.jar
2013-09-25 15:11:10.457+0000 INFO  [o.n.k.i.DiagnosticsManager]:  [classpath + loader.0] file:/Users/bearlam/Applications/neo4j-community-1.9.1/plugins/gremlin1.5/neo4j-gremlin-plugin-1.9.1.jar
2013-09-25 15:11:10.457+0000 INFO  [o.n.k.i.DiagnosticsManager]:  [classpath + loader.0] file:/Users/bearlam/Applications/neo4j-community-1.9.1/lib/concurrentlinkedhashmap-lru-1.3.1.jar
2013-09-25 15:11:10.457+0000 INFO  [o.n.k.i.DiagnosticsManager]:  [classpath + loader.0] file:/Users/bearlam/Applications/neo4j-community-1.9.1/plugins/gremlin1.5/pipes-1.0.jar
2013-09-25 15:11:10.457+0000 INFO  [o.n.k.i.DiagnosticsManager]:  [classpath + loader.0] file:/Users/bearlam/Applications/neo4j-community-1.9.1/system/lib/jsr311-api-1.1.2.r612.jar
2013-09-25 15:11:10.457+0000 INFO  [o.n.k.i.DiagnosticsManager]:  [bootstrap] /Library/Java/JavaVirtualMachines/jdk1.7.0_25.jdk/Contents/Home/jre/lib/JObjC.jar
2013-09-25 15:11:10.457+0000 INFO  [o.n.k.i.DiagnosticsManager]:  [classpath + loader.0] file:/Users/bearlam/Applications/neo4j-community-1.9.1/plugins/gremlin1.5/blueprints-neo4j-graph-1.2.jar
2013-09-25 15:11:10.457+0000 INFO  [o.n.k.i.DiagnosticsManager]:  [bootstrap] /Library/Java/JavaVirtualMachines/jdk1.7.0_25.jdk/Contents/Home/jre/classes
2013-09-25 15:11:10.457+0000 INFO  [o.n.k.i.DiagnosticsManager]:  [loader.1] file:/System/Library/Java/Extensions/AppleScriptEngine.jar
2013-09-25 15:11:10.457+0000 INFO  [o.n.k.i.DiagnosticsManager]:  [classpath + loader.0] file:/Users/bearlam/Applications/neo4j-community-1.9.1/plugins/gremlin1.5/asm-tree-3.2.jar
2013-09-25 15:11:10.457+0000 INFO  [o.n.k.i.DiagnosticsManager]:  [classpath + loader.0] file:/Users/bearlam/Applications/neo4j-community-1.9.1/system/lib/jackson-mapper-asl-1.9.7.jar
2013-09-25 15:11:10.457+0000 INFO  [o.n.k.i.DiagnosticsManager]:  [classpath + loader.0] file:/Users/bearlam/Applications/neo4j-community-1.9.1/system/lib/commons-logging-1.1.1.jar
2013-09-25 15:11:10.457+0000 INFO  [o.n.k.i.DiagnosticsManager]:  [classpath + loader.0] file:/Users/bearlam/Applications/neo4j-community-1.9.1/system/lib/commons-beanutils-1.8.0.jar
2013-09-25 15:11:10.458+0000 INFO  [o.n.k.i.DiagnosticsManager]:  [classpath + loader.0] file:/Users/bearlam/Applications/neo4j-community-1.9.1/plugins/gremlin1.5/asm-analysis-3.2.jar
2013-09-25 15:11:10.458+0000 INFO  [o.n.k.i.DiagnosticsManager]:  [classpath + loader.0] file:/Users/bearlam/Applications/neo4j-community-1.9.1/system/lib/rrd4j-2.0.7.jar
2013-09-25 15:11:10.458+0000 INFO  [o.n.k.i.DiagnosticsManager]:  [classpath + loader.0] file:/Users/bearlam/Applications/neo4j-community-1.9.1/plugins/gremlin1.5/stax-api-1.0.1.jar
2013-09-25 15:11:10.458+0000 INFO  [o.n.k.i.DiagnosticsManager]:  [classpath + loader.0] file:/Users/bearlam/Applications/neo4j-community-1.9.1/lib/neo4j-lucene-index-1.9.1.jar
2013-09-25 15:11:10.458+0000 INFO  [o.n.k.i.DiagnosticsManager]:  [classpath + loader.0] file:/Users/bearlam/Applications/neo4j-community-1.9.1/lib/neo4j-graph-matching-1.9.1.jar
2013-09-25 15:11:10.458+0000 INFO  [o.n.k.i.DiagnosticsManager]: Library path:
2013-09-25 15:11:10.458+0000 INFO  [o.n.k.i.DiagnosticsManager]: /Users/bearlam/Library/Java/Extensions
2013-09-25 15:11:10.458+0000 INFO  [o.n.k.i.DiagnosticsManager]: /Library/Java/Extensions
2013-09-25 15:11:10.458+0000 INFO  [o.n.k.i.DiagnosticsManager]: /Network/Library/Java/Extensions
2013-09-25 15:11:10.458+0000 INFO  [o.n.k.i.DiagnosticsManager]: /System/Library/Java/Extensions
2013-09-25 15:11:10.458+0000 INFO  [o.n.k.i.DiagnosticsManager]: /usr/lib/java
2013-09-25 15:11:10.458+0000 INFO  [o.n.k.i.DiagnosticsManager]: /Users/bearlam/Applications/neo4j-community-1.9.1
2013-09-25 15:11:10.458+0000 INFO  [o.n.k.i.DiagnosticsManager]: System.properties:
2013-09-25 15:11:10.459+0000 INFO  [o.n.k.i.DiagnosticsManager]: sun.boot.library.path = /Library/Java/JavaVirtualMachines/jdk1.7.0_25.jdk/Contents/Home/jre/lib
2013-09-25 15:11:10.459+0000 INFO  [o.n.k.i.DiagnosticsManager]: user.country.format = GB
2013-09-25 15:11:10.459+0000 INFO  [o.n.k.i.DiagnosticsManager]: org.neo4j.server.properties = conf/neo4j-server.properties
2013-09-25 15:11:10.459+0000 INFO  [o.n.k.i.DiagnosticsManager]: gopherProxySet = false
2013-09-25 15:11:10.459+0000 INFO  [o.n.k.i.DiagnosticsManager]: path.separator = :
2013-09-25 15:11:10.459+0000 INFO  [o.n.k.i.DiagnosticsManager]: file.encoding.pkg = sun.io
2013-09-25 15:11:10.459+0000 INFO  [o.n.k.i.DiagnosticsManager]: user.country = US
2013-09-25 15:11:10.459+0000 INFO  [o.n.k.i.DiagnosticsManager]: sun.java.launcher = SUN_STANDARD
2013-09-25 15:11:10.459+0000 INFO  [o.n.k.i.DiagnosticsManager]: sun.os.patch.level = unknown
2013-09-25 15:11:10.459+0000 INFO  [o.n.k.i.DiagnosticsManager]: user.dir = /Users/bearlam/Applications/neo4j-community-1.9.1
2013-09-25 15:11:10.459+0000 INFO  [o.n.k.i.DiagnosticsManager]: log4j.configuration = file:conf/log4j.properties
2013-09-25 15:11:10.459+0000 INFO  [o.n.k.i.DiagnosticsManager]: sun.jnu.encoding = UTF-8
2013-09-25 15:11:10.459+0000 INFO  [o.n.k.i.DiagnosticsManager]: sun.management.compiler = HotSpot 64-Bit Tiered Compilers
2013-09-25 15:11:10.459+0000 INFO  [o.n.k.i.DiagnosticsManager]: http.nonProxyHosts = local|*.local|169.254/16|*.169.254/16
2013-09-25 15:11:10.459+0000 INFO  [o.n.k.i.DiagnosticsManager]: user.home = /Users/bearlam
2013-09-25 15:11:10.459+0000 INFO  [o.n.k.i.DiagnosticsManager]: user.timezone = Europe/London
2013-09-25 15:11:10.459+0000 INFO  [o.n.k.i.DiagnosticsManager]: file.encoding = UTF-8
2013-09-25 15:11:10.459+0000 INFO  [o.n.k.i.DiagnosticsManager]: user.name = bearlam
2013-09-25 15:11:10.459+0000 INFO  [o.n.k.i.DiagnosticsManager]: sun.java.command = org.neo4j.server.Bootstrapper
2013-09-25 15:11:10.459+0000 INFO  [o.n.k.i.DiagnosticsManager]: sun.arch.data.model = 64
2013-09-25 15:11:10.459+0000 INFO  [o.n.k.i.DiagnosticsManager]: user.language = en
2013-09-25 15:11:10.460+0000 INFO  [o.n.k.i.DiagnosticsManager]: awt.toolkit = sun.lwawt.macosx.LWCToolkit
2013-09-25 15:11:10.460+0000 INFO  [o.n.k.i.DiagnosticsManager]: file.separator = /
2013-09-25 15:11:10.460+0000 INFO  [o.n.k.i.DiagnosticsManager]: sun.io.unicode.encoding = UnicodeBig
2013-09-25 15:11:10.460+0000 INFO  [o.n.k.i.DiagnosticsManager]: sun.cpu.endian = little
2013-09-25 15:11:10.460+0000 INFO  [o.n.k.i.DiagnosticsManager]: socksNonProxyHosts = local|*.local|169.254/16|*.169.254/16
2013-09-25 15:11:10.460+0000 INFO  [o.n.k.i.DiagnosticsManager]: neo4j.instance = /Users/bearlam/Applications/neo4j-community-1.9.1
2013-09-25 15:11:10.460+0000 INFO  [o.n.k.i.DiagnosticsManager]: ftp.nonProxyHosts = local|*.local|169.254/16|*.169.254/16
2013-09-25 15:11:10.460+0000 INFO  [o.n.k.i.DiagnosticsManager]: neo4j.home = /Users/bearlam/Applications/neo4j-community-1.9.1
2013-09-25 15:11:10.460+0000 INFO  [o.n.k.i.DiagnosticsManager]: sun.cpu.isalist = 
2013-09-25 15:11:10.460+0000 INFO  [o.n.k.i.DiagnosticsManager]: Network information:
2013-09-25 15:11:10.461+0000 INFO  [o.n.k.i.DiagnosticsManager]: Interface vboxnet0:
2013-09-25 15:11:10.462+0000 INFO  [o.n.k.i.DiagnosticsManager]:     address: 33.33.33.1
2013-09-25 15:11:10.462+0000 INFO  [o.n.k.i.DiagnosticsManager]: Interface en0:
2013-09-25 15:11:10.462+0000 INFO  [o.n.k.i.DiagnosticsManager]:     address: fe80:0:0:0:2acf:e9ff:fe15:51d%4
2013-09-25 15:11:10.462+0000 INFO  [o.n.k.i.DiagnosticsManager]:     address: 10.109.100.215
2013-09-25 15:11:10.462+0000 INFO  [o.n.k.i.DiagnosticsManager]: Interface lo0:
2013-09-25 15:11:10.462+0000 INFO  [o.n.k.i.DiagnosticsManager]:     address: 0:0:0:0:0:0:0:1
2013-09-25 15:11:10.462+0000 INFO  [o.n.k.i.DiagnosticsManager]:     address: fe80:0:0:0:0:0:0:1%1
2013-09-25 15:11:10.462+0000 INFO  [o.n.k.i.DiagnosticsManager]:     address: 127.0.0.1
2013-09-25 15:11:10.462+0000 INFO  [o.n.k.i.DiagnosticsManager]: --- INITIALIZED diagnostics END ---
2013-09-25 15:11:10.559+0000 INFO  [o.n.k.i.n.s.StoreFactory]: ../../dev/Geeknight/graphModelN.db/neostore.relationshiptypestore.db.names non clean shutdown detected
2013-09-25 15:11:10.566+0000 INFO  [o.n.k.i.n.s.StoreFactory]: [../../dev/Geeknight/graphModelN.db/neostore.relationshiptypestore.db.names] brickCount=0 brickSize=0b mappedMem=0b (storeSize=152b)
2013-09-25 15:11:10.570+0000 INFO  [o.n.k.i.n.s.StoreFactory]: ../../dev/Geeknight/graphModelN.db/neostore.relationshiptypestore.db non clean shutdown detected
2013-09-25 15:11:10.570+0000 INFO  [o.n.k.i.n.s.StoreFactory]: [../../dev/Geeknight/graphModelN.db/neostore.relationshiptypestore.db] brickCount=0 brickSize=0b mappedMem=0b (storeSize=15b)
2013-09-25 15:11:10.570+0000 INFO  [o.n.k.i.n.s.StoreFactory]: ../../dev/Geeknight/graphModelN.db/neostore.propertystore.db.strings non clean shutdown detected
2013-09-25 15:11:10.570+0000 INFO  [o.n.k.i.n.s.StoreFactory]: [../../dev/Geeknight/graphModelN.db/neostore.propertystore.db.strings] brickCount=0 brickSize=585088b mappedMem=585105408b (storeSize=128b)
2013-09-25 15:11:10.570+0000 INFO  [o.n.k.i.n.s.StoreFactory]: ../../dev/Geeknight/graphModelN.db/neostore.propertystore.db.index.keys non clean shutdown detected
2013-09-25 15:11:10.571+0000 INFO  [o.n.k.i.n.s.StoreFactory]: [../../dev/Geeknight/graphModelN.db/neostore.propertystore.db.index.keys] brickCount=0 brickSize=0b mappedMem=0b (storeSize=114b)
2013-09-25 15:11:10.571+0000 INFO  [o.n.k.i.n.s.StoreFactory]: ../../dev/Geeknight/graphModelN.db/neostore.propertystore.db.index non clean shutdown detected
2013-09-25 15:11:10.572+0000 INFO  [o.n.k.i.n.s.StoreFactory]: [../../dev/Geeknight/graphModelN.db/neostore.propertystore.db.index] brickCount=0 brickSize=0b mappedMem=0b (storeSize=18b)
2013-09-25 15:11:10.573+0000 INFO  [o.n.k.i.n.s.StoreFactory]: ../../dev/Geeknight/graphModelN.db/neostore.propertystore.db.arrays non clean shutdown detected
2013-09-25 15:11:10.573+0000 INFO  [o.n.k.i.n.s.StoreFactory]: [../../dev/Geeknight/graphModelN.db/neostore.propertystore.db.arrays] brickCount=0 brickSize=663680b mappedMem=663748608b (storeSize=128b)
2013-09-25 15:11:10.580+0000 INFO  [o.n.k.i.n.s.StoreFactory]: ../../dev/Geeknight/graphModelN.db/neostore.propertystore.db non clean shutdown detected
2013-09-25 15:11:10.580+0000 INFO  [o.n.k.i.n.s.StoreFactory]: [../../dev/Geeknight/graphModelN.db/neostore.propertystore.db] brickCount=10 brickSize=688882b mappedMem=688914432b (storeSize=7056879b)
2013-09-25 15:11:10.582+0000 INFO  [o.n.k.i.n.s.StoreFactory]: ../../dev/Geeknight/graphModelN.db/neostore.relationshipstore.db non clean shutdown detected
2013-09-25 15:11:10.582+0000 INFO  [o.n.k.i.n.s.StoreFactory]: [../../dev/Geeknight/graphModelN.db/neostore.relationshipstore.db] brickCount=10 brickSize=844074b mappedMem=844103680b (storeSize=8640258b)
2013-09-25 15:11:10.583+0000 INFO  [o.n.k.i.n.s.StoreFactory]: ../../dev/Geeknight/graphModelN.db/neostore.nodestore.db non clean shutdown detected
2013-09-25 15:11:10.583+0000 INFO  [o.n.k.i.n.s.StoreFactory]: [../../dev/Geeknight/graphModelN.db/neostore.nodestore.db] brickCount=1 brickSize=190836b mappedMem=190840832b (storeSize=195030b)
2013-09-25 15:11:10.585+0000 INFO  [o.n.k.i.n.s.StoreFactory]: ../../dev/Geeknight/graphModelN.db/neostore non clean shutdown detected
2013-09-25 15:11:10.585+0000 INFO  [o.n.k.i.n.s.StoreFactory]: [../../dev/Geeknight/graphModelN.db/neostore] brickCount=0 brickSize=0b mappedMem=0b (storeSize=54b)
2013-09-25 15:11:10.601+0000 INFO  [o.n.k.i.t.x.XaLogicalLog]: Opened logical log [../../dev/Geeknight/graphModelN.db/nioneo_logical.log.1] version=1, lastTxId=6 (clean)
2013-09-25 15:11:10.604+0000 INFO  [o.n.k.i.n.s.StoreFactory]: ../../dev/Geeknight/graphModelN.db/neostore.relationshiptypestore.db.names rebuild id generator, highId=4 defragged count=0
2013-09-25 15:11:10.606+0000 INFO  [o.n.k.i.n.s.StoreFactory]: ../../dev/Geeknight/graphModelN.db/neostore.propertystore.db.index.keys rebuild id generator, highId=3 defragged count=0
2013-09-25 15:11:10.607+0000 INFO  [o.n.k.i.n.s.StoreFactory]: ../../dev/Geeknight/graphModelN.db/neostore.propertystore.db.index rebuild id generator, highId=2 defragged count=0
2013-09-25 15:11:10.608+0000 INFO  [o.n.k.i.n.s.StoreFactory]: ../../dev/Geeknight/graphModelN.db/neostore.propertystore.db.strings rebuild id generator, highId=1 defragged count=0
2013-09-25 15:11:10.609+0000 INFO  [o.n.k.i.n.s.StoreFactory]: ../../dev/Geeknight/graphModelN.db/neostore.propertystore.db.arrays rebuild id generator, highId=1 defragged count=0
2013-09-25 15:11:11.385+0000 INFO  [o.n.k.i.n.s.StoreFactory]: ../../dev/Geeknight/graphModelN.db/neostore.propertystore.db rebuild id generator, highId=31 defragged count=0
2013-09-25 15:11:12.189+0000 INFO  [o.n.k.i.n.s.StoreFactory]: ../../dev/Geeknight/graphModelN.db/neostore.relationshipstore.db rebuild id generator, highId=19 defragged count=0
2013-09-25 15:11:12.227+0000 INFO  [o.n.k.i.n.s.StoreFactory]: ../../dev/Geeknight/graphModelN.db/neostore.nodestore.db rebuild id generator, highId=13 defragged count=0
2013-09-25 15:11:12.229+0000 INFO  [o.n.k.i.n.s.StoreFactory]: ../../dev/Geeknight/graphModelN.db/neostore rebuild id generator, highId=6 defragged count=0
2013-09-25 15:11:12.233+0000 INFO  [o.n.k.i.t.TxManager]: TM opening log: ../../dev/Geeknight/graphModelN.db/tm_tx_log.1
2013-09-25 15:11:12.373+0000 INFO  [o.n.k.i.t.x.XaLogicalLog]: Opened logical log [../../dev/Geeknight/graphModelN.db/index/lucene.log.1] version=1, lastTxId=1 (clean)
2013-09-25 15:11:12.374+0000 INFO  [o.n.k.i.t.TxManager]: Unresolved transactions found in ../../dev/Geeknight/graphModelN.db/tm_tx_log.1, recovery started... 
2013-09-25 15:11:12.379+0000 INFO  [o.n.k.i.t.x.XaLogicalLog]: Rotating [../../dev/Geeknight/graphModelN.db/index/lucene.log.1] @ version=1 to ../../dev/Geeknight/graphModelN.db/index/lucene.log.2 from position 16
2013-09-25 15:11:12.380+0000 INFO  [o.n.k.i.t.x.XaLogicalLog]: Rotate: old log scanned, newLog @ pos=16
2013-09-25 15:11:12.381+0000 INFO  [o.n.k.i.t.x.XaLogicalLog]: Log rotated, newLog @ pos=16, version 2 and last tx 1
2013-09-25 15:11:12.381+0000 INFO  [o.n.k.i.t.x.XaLogicalLog]: Rotating [../../dev/Geeknight/graphModelN.db/nioneo_logical.log.1] @ version=1 to ../../dev/Geeknight/graphModelN.db/nioneo_logical.log.2 from position 16
2013-09-25 15:11:12.382+0000 INFO  [o.n.k.i.t.x.XaLogicalLog]: Rotate: old log scanned, newLog @ pos=16
2013-09-25 15:11:12.383+0000 INFO  [o.n.k.i.t.x.XaLogicalLog]: Log rotated, newLog @ pos=16, version 2 and last tx 6
2013-09-25 15:11:12.383+0000 INFO  [o.n.k.i.t.TxManager]: Recovery completed, all transactions have been resolved to a consistent state.
2013-09-25 15:11:12.387+0000 INFO  [o.n.k.i.DiagnosticsManager]: --- STARTED diagnostics for KernelDiagnostics:Versions START ---
2013-09-25 15:11:12.387+0000 INFO  [o.n.k.i.DiagnosticsManager]: Graph Database: org.neo4j.kernel.EmbeddedGraphDatabase StoreId[time:1380121636380, id:-6085152851483362871, store version: 13561656364791302]
2013-09-25 15:11:12.387+0000 INFO  [o.n.k.i.DiagnosticsManager]: Kernel version: Neo4j - Graph Database Kernel 1.9.1
2013-09-25 15:11:12.387+0000 INFO  [o.n.k.i.DiagnosticsManager]: Neo4j component versions:
2013-09-25 15:11:12.388+0000 INFO  [o.n.k.i.DiagnosticsManager]:   Neo4j - Graph Database Kernel 1.9.1
2013-09-25 15:11:12.388+0000 INFO  [o.n.k.i.DiagnosticsManager]: --- STARTED diagnostics for KernelDiagnostics:Versions END ---
2013-09-25 15:11:12.390+0000 INFO  [o.n.k.i.DiagnosticsManager]: --- STARTED diagnostics for NEO_STORE_VERSIONS START ---
2013-09-25 15:11:12.390+0000 INFO  [o.n.k.i.DiagnosticsManager]: Store versions:
2013-09-25 15:11:12.391+0000 INFO  [o.n.k.i.DiagnosticsManager]: Store versions:
2013-09-25 15:11:12.391+0000 INFO  [o.n.k.i.DiagnosticsManager]:   NeoStore v0.A.0
2013-09-25 15:11:12.391+0000 INFO  [o.n.k.i.DiagnosticsManager]:   NodeStore v0.A.0
2013-09-25 15:11:12.391+0000 INFO  [o.n.k.i.DiagnosticsManager]:   RelationshipStore v0.A.0
2013-09-25 15:11:12.391+0000 INFO  [o.n.k.i.DiagnosticsManager]:   RelationshipTypeStore v0.A.0
2013-09-25 15:11:12.391+0000 INFO  [o.n.k.i.DiagnosticsManager]:   PropertyStore v0.A.0
2013-09-25 15:11:12.391+0000 INFO  [o.n.k.i.DiagnosticsManager]:   PropertyIndexStore v0.A.0
2013-09-25 15:11:12.391+0000 INFO  [o.n.k.i.DiagnosticsManager]:   StringPropertyStore v0.A.0
2013-09-25 15:11:12.391+0000 INFO  [o.n.k.i.DiagnosticsManager]:   ArrayPropertyStore v0.A.0
2013-09-25 15:11:12.391+0000 INFO  [o.n.k.i.DiagnosticsManager]: --- STARTED diagnostics for NEO_STORE_VERSIONS END ---
2013-09-25 15:11:12.391+0000 INFO  [o.n.k.i.DiagnosticsManager]: --- STARTED diagnostics for NEO_STORE_ID_USAGE START ---
2013-09-25 15:11:12.391+0000 INFO  [o.n.k.i.DiagnosticsManager]: Id usage:
2013-09-25 15:11:12.391+0000 INFO  [o.n.k.i.DiagnosticsManager]: Id usage:
2013-09-25 15:11:12.391+0000 INFO  [o.n.k.i.DiagnosticsManager]:   NodeStore: used=21670 high=21669
2013-09-25 15:11:12.391+0000 INFO  [o.n.k.i.DiagnosticsManager]:   RelationshipStore: used=261826 high=261825
2013-09-25 15:11:12.392+0000 INFO  [o.n.k.i.DiagnosticsManager]:   RelationshipTypeStore: used=3 high=2
2013-09-25 15:11:12.392+0000 INFO  [o.n.k.i.DiagnosticsManager]:   PropertyStore: used=172119 high=172118
2013-09-25 15:11:12.392+0000 INFO  [o.n.k.i.DiagnosticsManager]:   PropertyIndexStore: used=2 high=1
2013-09-25 15:11:12.392+0000 INFO  [o.n.k.i.DiagnosticsManager]:   StringPropertyStore: used=1 high=0
2013-09-25 15:11:12.392+0000 INFO  [o.n.k.i.DiagnosticsManager]:   ArrayPropertyStore: used=1 high=0
2013-09-25 15:11:12.392+0000 INFO  [o.n.k.i.DiagnosticsManager]: --- STARTED diagnostics for NEO_STORE_ID_USAGE END ---
2013-09-25 15:11:12.392+0000 INFO  [o.n.k.i.DiagnosticsManager]: --- STARTED diagnostics for PERSISTENCE_WINDOW_POOL_STATS START ---
2013-09-25 15:11:12.392+0000 INFO  [o.n.k.i.DiagnosticsManager]: --- STARTED diagnostics for PERSISTENCE_WINDOW_POOL_STATS END ---
2013-09-25 15:11:12.393+0000 INFO  [o.n.k.i.DiagnosticsManager]: --- STARTED diagnostics for KernelDiagnostics:StoreFiles START ---
2013-09-25 15:11:12.393+0000 INFO  [o.n.k.i.DiagnosticsManager]: Disk space on partition (Total / Free / Free %): 499418034176 / 419450544128 / 83
Storage files: (filename : modification date - size)
2013-09-25 15:11:12.393+0000 INFO  [o.n.k.i.DiagnosticsManager]:   active_tx_log: 2013-09-25T16:07:16+0100 - 11.00 B
2013-09-25 15:11:12.393+0000 INFO  [o.n.k.i.DiagnosticsManager]:   index:
2013-09-25 15:11:12.394+0000 INFO  [o.n.k.i.DiagnosticsManager]:     lucene:
2013-09-25 15:11:12.394+0000 INFO  [o.n.k.i.DiagnosticsManager]:       node:
2013-09-25 15:11:12.394+0000 INFO  [o.n.k.i.DiagnosticsManager]:         tramStations:
2013-09-25 15:11:12.394+0000 INFO  [o.n.k.i.DiagnosticsManager]:           segments.gen: 2013-09-25T16:11:04+0100 - 20.00 B
2013-09-25 15:11:12.394+0000 INFO  [o.n.k.i.DiagnosticsManager]:           segments_1: 2013-09-25T16:11:04+0100 - 32.00 B
2013-09-25 15:11:12.395+0000 INFO  [o.n.k.i.DiagnosticsManager]:         - Total: 2013-09-25T16:11:04+0100 - 52.00 B
2013-09-25 15:11:12.395+0000 INFO  [o.n.k.i.DiagnosticsManager]:       - Total: 2013-09-25T16:07:16+0100 - 52.00 B
2013-09-25 15:11:12.395+0000 INFO  [o.n.k.i.DiagnosticsManager]:     - Total: 2013-09-25T16:07:16+0100 - 52.00 B
2013-09-25 15:11:12.395+0000 INFO  [o.n.k.i.DiagnosticsManager]:     lucene-store.db: 2013-09-25T16:11:12+0100 - 40.00 B
2013-09-25 15:11:12.396+0000 INFO  [o.n.k.i.DiagnosticsManager]:     lucene.log.2: 2013-09-25T16:11:12+0100 - 16.00 B
2013-09-25 15:11:12.396+0000 INFO  [o.n.k.i.DiagnosticsManager]:     lucene.log.active: 2013-09-25T16:11:12+0100 - 4.00 B
2013-09-25 15:11:12.396+0000 INFO  [o.n.k.i.DiagnosticsManager]:     lucene.log.v0: 2013-09-25T16:11:04+0100 - 16.00 B
2013-09-25 15:11:12.396+0000 INFO  [o.n.k.i.DiagnosticsManager]:     lucene.log.v1: 2013-09-25T16:11:12+0100 - 16.00 B
2013-09-25 15:11:12.397+0000 INFO  [o.n.k.i.DiagnosticsManager]:   - Total: 2013-09-25T16:11:12+0100 - 144.00 B
2013-09-25 15:11:12.397+0000 INFO  [o.n.k.i.DiagnosticsManager]:   index.db: 2013-09-25T16:07:16+0100 - 117.00 B
2013-09-25 15:11:12.397+0000 INFO  [o.n.k.i.DiagnosticsManager]:   lock: 2013-09-25T16:11:10+0100 - 0.00 B
2013-09-25 15:11:12.397+0000 INFO  [o.n.k.i.DiagnosticsManager]:   messages.log: 2013-09-25T16:11:12+0100 - 62.53 kB
2013-09-25 15:11:12.398+0000 INFO  [o.n.k.i.DiagnosticsManager]:   neostore: 2013-09-25T16:11:12+0100 - 54.00 B
2013-09-25 15:11:12.398+0000 INFO  [o.n.k.i.DiagnosticsManager]:   neostore.id: 2013-09-25T16:11:12+0100 - 9.00 B
2013-09-25 15:11:12.398+0000 INFO  [o.n.k.i.DiagnosticsManager]:   neostore.nodestore.db: 2013-09-25T16:07:16+0100 - 190.46 kB
2013-09-25 15:11:12.398+0000 INFO  [o.n.k.i.DiagnosticsManager]:   neostore.nodestore.db.id: 2013-09-25T16:11:12+0100 - 9.00 B
2013-09-25 15:11:12.399+0000 INFO  [o.n.k.i.DiagnosticsManager]:   neostore.propertystore.db: 2013-09-25T16:07:16+0100 - 6.73 MB
2013-09-25 15:11:12.399+0000 INFO  [o.n.k.i.DiagnosticsManager]:   neostore.propertystore.db.arrays: 2013-09-25T16:07:16+0100 - 128.00 B
2013-09-25 15:11:12.399+0000 INFO  [o.n.k.i.DiagnosticsManager]:   neostore.propertystore.db.arrays.id: 2013-09-25T16:11:10+0100 - 9.00 B
2013-09-25 15:11:12.399+0000 INFO  [o.n.k.i.DiagnosticsManager]:   neostore.propertystore.db.id: 2013-09-25T16:11:11+0100 - 9.00 B
2013-09-25 15:11:12.400+0000 INFO  [o.n.k.i.DiagnosticsManager]:   neostore.propertystore.db.index: 2013-09-25T16:07:17+0100 - 18.00 B
2013-09-25 15:11:12.400+0000 INFO  [o.n.k.i.DiagnosticsManager]:   neostore.propertystore.db.index.id: 2013-09-25T16:11:10+0100 - 9.00 B
2013-09-25 15:11:12.400+0000 INFO  [o.n.k.i.DiagnosticsManager]:   neostore.propertystore.db.index.keys: 2013-09-25T16:07:17+0100 - 114.00 B
2013-09-25 15:11:12.400+0000 INFO  [o.n.k.i.DiagnosticsManager]:   neostore.propertystore.db.index.keys.id: 2013-09-25T16:11:10+0100 - 9.00 B
2013-09-25 15:11:12.401+0000 INFO  [o.n.k.i.DiagnosticsManager]:   neostore.propertystore.db.strings: 2013-09-25T16:07:16+0100 - 128.00 B
2013-09-25 15:11:12.401+0000 INFO  [o.n.k.i.DiagnosticsManager]:   neostore.propertystore.db.strings.id: 2013-09-25T16:11:10+0100 - 9.00 B
2013-09-25 15:11:12.401+0000 INFO  [o.n.k.i.DiagnosticsManager]:   neostore.relationshipstore.db: 2013-09-25T16:07:16+0100 - 8.24 MB
2013-09-25 15:11:12.401+0000 INFO  [o.n.k.i.DiagnosticsManager]:   neostore.relationshipstore.db.id: 2013-09-25T16:11:12+0100 - 9.00 B
2013-09-25 15:11:12.402+0000 INFO  [o.n.k.i.DiagnosticsManager]:   neostore.relationshiptypestore.db: 2013-09-25T16:11:10+0100 - 15.00 B
2013-09-25 15:11:12.402+0000 INFO  [o.n.k.i.DiagnosticsManager]:   neostore.relationshiptypestore.db.id: 2013-09-25T16:11:10+0100 - 9.00 B
2013-09-25 15:11:12.402+0000 INFO  [o.n.k.i.DiagnosticsManager]:   neostore.relationshiptypestore.db.names: 2013-09-25T16:07:17+0100 - 152.00 B
2013-09-25 15:11:12.403+0000 INFO  [o.n.k.i.DiagnosticsManager]:   neostore.relationshiptypestore.db.names.id: 2013-09-25T16:11:10+0100 - 9.00 B
2013-09-25 15:11:12.403+0000 INFO  [o.n.k.i.DiagnosticsManager]:   nioneo_logical.log.2: 2013-09-25T16:11:12+0100 - 16.00 B
2013-09-25 15:11:12.403+0000 INFO  [o.n.k.i.DiagnosticsManager]:   nioneo_logical.log.active: 2013-09-25T16:11:12+0100 - 4.00 B
2013-09-25 15:11:12.403+0000 INFO  [o.n.k.i.DiagnosticsManager]:   nioneo_logical.log.v0: 2013-09-25T16:11:04+0100 - 16.00 B
2013-09-25 15:11:12.404+0000 INFO  [o.n.k.i.DiagnosticsManager]:   nioneo_logical.log.v1: 2013-09-25T16:11:12+0100 - 16.00 B
2013-09-25 15:11:12.404+0000 INFO  [o.n.k.i.DiagnosticsManager]:   store_lock: 2013-09-25T16:07:16+0100 - 0.00 B
2013-09-25 15:11:12.404+0000 INFO  [o.n.k.i.DiagnosticsManager]:   tm_tx_log.1: 2013-09-25T16:11:12+0100 - 0.00 B
2013-09-25 15:11:12.404+0000 INFO  [o.n.k.i.DiagnosticsManager]: --- STARTED diagnostics for KernelDiagnostics:StoreFiles END ---
2013-09-25 15:11:12.406+0000 INFO  [o.n.k.EmbeddedGraphDatabase]: Started - database is now available
2013-09-25 15:11:12.407+0000 INFO  [o.n.k.EmbeddedGraphDatabase]: GC Monitor started. 
2013-09-25 15:11:13.190+0000 INFO  [o.n.k.i.DiagnosticsManager]: --- SERVER STARTED START ---
2013-09-25 15:11:13.190+0000 INFO  [o.n.k.i.DiagnosticsManager]: --- STARTED diagnostics for org.neo4j.server.configuration.Configurator START ---
2013-09-25 15:11:13.192+0000 INFO  [o.n.k.i.DiagnosticsManager]: Server configuration:
2013-09-25 15:11:13.192+0000 INFO  [o.n.k.i.DiagnosticsManager]: org.neo4j.server.database.location = ../../dev/Geeknight/graphModelN.db
2013-09-25 15:11:13.192+0000 INFO  [o.n.k.i.DiagnosticsManager]: org.neo4j.server.webserver.port = 7474
2013-09-25 15:11:13.192+0000 INFO  [o.n.k.i.DiagnosticsManager]: org.neo4j.server.webserver.https.enabled = true
2013-09-25 15:11:13.192+0000 INFO  [o.n.k.i.DiagnosticsManager]: org.neo4j.server.webserver.https.port = 7473
2013-09-25 15:11:13.192+0000 INFO  [o.n.k.i.DiagnosticsManager]: org.neo4j.server.webserver.https.cert.location = conf/ssl/snakeoil.cert
2013-09-25 15:11:13.193+0000 INFO  [o.n.k.i.DiagnosticsManager]: org.neo4j.server.webserver.https.key.location = conf/ssl/snakeoil.key
2013-09-25 15:11:13.193+0000 INFO  [o.n.k.i.DiagnosticsManager]: org.neo4j.server.webserver.https.keystore.location = data/keystore
2013-09-25 15:11:13.193+0000 INFO  [o.n.k.i.DiagnosticsManager]: org.neo4j.server.webadmin.rrdb.location = data/rrd
2013-09-25 15:11:13.193+0000 INFO  [o.n.k.i.DiagnosticsManager]: org.neo4j.server.db.tuning.properties = conf/neo4j.properties
2013-09-25 15:11:13.193+0000 INFO  [o.n.k.i.DiagnosticsManager]: org.neo4j.server.manage.console_engines = [gremlin, shell]
2013-09-25 15:11:13.193+0000 INFO  [o.n.k.i.DiagnosticsManager]: org.neo4j.server.http.log.enabled = false
2013-09-25 15:11:13.193+0000 INFO  [o.n.k.i.DiagnosticsManager]: org.neo4j.server.http.log.config = conf/neo4j-http-logging.xml
2013-09-25 15:11:13.193+0000 INFO  [o.n.k.i.DiagnosticsManager]: org.neo4j.server.webadmin.management.uri = /db/manage/
2013-09-25 15:11:13.193+0000 INFO  [o.n.k.i.DiagnosticsManager]: org.neo4j.server.webadmin.data.uri = /db/data/
2013-09-25 15:11:13.193+0000 INFO  [o.n.k.i.DiagnosticsManager]: --- STARTED diagnostics for org.neo4j.server.configuration.Configurator END ---
2013-09-25 15:11:13.208+0000 INFO  [o.n.k.i.DiagnosticsManager]: Mounted discovery module (org.neo4j.server.rest.discovery) at: /
2013-09-25 15:11:13.242+0000 INFO  [o.n.k.i.DiagnosticsManager]: Loaded server plugin "CypherPlugin" (org.neo4j.server.plugin.cypher.CypherPlugin)
2013-09-25 15:11:13.243+0000 INFO  [o.n.k.i.DiagnosticsManager]:   GraphDatabaseService.execute_query: execute a query
2013-09-25 15:11:13.244+0000 INFO  [o.n.k.i.DiagnosticsManager]: Loaded server plugin "GremlinPlugin" (org.neo4j.server.plugin.gremlin.GremlinPlugin)
2013-09-25 15:11:13.244+0000 INFO  [o.n.k.i.DiagnosticsManager]:   GraphDatabaseService.execute_script: execute a Gremlin script with 'g' set to the Neo4jGraph and 'results' containing the results. Only results of one object type is supported.
2013-09-25 15:11:13.245+0000 INFO  [o.n.k.i.DiagnosticsManager]: Mounted REST API at: /db/data/
2013-09-25 15:11:13.246+0000 INFO  [o.n.k.i.DiagnosticsManager]: Mounted management API at: /db/manage/
2013-09-25 15:11:13.279+0000 INFO  [o.n.k.i.DiagnosticsManager]: Mounted webadmin at: /webadmin
2013-09-25 15:11:14.770+0000 INFO  [o.n.k.i.DiagnosticsManager]: Server started on: http://localhost:7474/
2013-09-25 15:11:14.771+0000 INFO  [o.n.k.i.DiagnosticsManager]: --- SERVER STARTED END ---
2013-09-25 15:12:26.221+0000 INFO  [o.n.k.EmbeddedGraphDatabase]: Stopping - database is now unavailable
2013-09-25 15:12:26.222+0000 INFO  [o.n.k.EmbeddedGraphDatabase]: GC Monitor stopped. 
2013-09-25 15:12:26.224+0000 INFO  [o.n.k.i.t.x.XaLogicalLog]: Closed log ../../dev/Geeknight/graphModelN.db/index/lucene.log
2013-09-25 15:12:26.224+0000 INFO  [o.n.k.i.t.TxManager]: TM shutting down
2013-09-25 15:12:26.225+0000 INFO  [o.n.k.i.t.x.XaLogicalLog]: Closed log ../../dev/Geeknight/graphModelN.db/nioneo_logical.log
2013-09-25 15:12:26.225+0000 INFO  [o.n.k.i.n.s.StoreFactory]: ../../dev/Geeknight/graphModelN.db/neostore.relationshiptypestore.db.names hit=0 miss=6 switches=0 ooe=0
2013-09-25 15:12:26.226+0000 INFO  [o.n.k.i.n.s.StoreFactory]: ../../dev/Geeknight/graphModelN.db/neostore.relationshiptypestore.db hit=0 miss=3 switches=0 ooe=0
2013-09-25 15:12:26.227+0000 INFO  [o.n.k.i.n.s.StoreFactory]: ../../dev/Geeknight/graphModelN.db/neostore.propertystore.db.strings hit=0 miss=0 switches=0 ooe=0
2013-09-25 15:12:26.228+0000 INFO  [o.n.k.i.n.s.StoreFactory]: ../../dev/Geeknight/graphModelN.db/neostore.propertystore.db.index.keys hit=0 miss=4 switches=0 ooe=0
2013-09-25 15:12:26.228+0000 INFO  [o.n.k.i.n.s.StoreFactory]: ../../dev/Geeknight/graphModelN.db/neostore.propertystore.db.index hit=0 miss=2 switches=0 ooe=0
2013-09-25 15:12:26.229+0000 INFO  [o.n.k.i.n.s.StoreFactory]: ../../dev/Geeknight/graphModelN.db/neostore.propertystore.db.arrays hit=0 miss=0 switches=0 ooe=0
2013-09-25 15:12:26.230+0000 INFO  [o.n.k.i.n.s.StoreFactory]: ../../dev/Geeknight/graphModelN.db/neostore.propertystore.db hit=0 miss=3 switches=0 ooe=0
2013-09-25 15:12:26.230+0000 INFO  [o.n.k.i.n.s.StoreFactory]: ../../dev/Geeknight/graphModelN.db/neostore.relationshipstore.db hit=0 miss=4 switches=0 ooe=0
2013-09-25 15:12:26.231+0000 INFO  [o.n.k.i.n.s.StoreFactory]: ../../dev/Geeknight/graphModelN.db/neostore.nodestore.db hit=0 miss=5 switches=0 ooe=0
2013-09-25 15:12:26.232+0000 INFO  [o.n.k.i.n.s.StoreFactory]: ../../dev/Geeknight/graphModelN.db/neostore hit=0 miss=22 switches=0 ooe=0
2013-09-25 15:12:26.232+0000 INFO  [o.n.k.i.n.x.NeoStoreXaDataSource]: NeoStore closed
2013-09-25 15:12:26.232+0000 INFO  [o.n.k.i.DiagnosticsManager]: --- STOPPING diagnostics START ---
2013-09-25 15:12:26.233+0000 INFO  [o.n.k.i.DiagnosticsManager]: --- STOPPING diagnostics END ---
